<?xml version="1.0" encoding="UTF-8"?>
<testsuite xmlns:xsi="http://www.w3.org/2001/XMLSchema-instance" xsi:noNamespaceSchemaLocation="https://maven.apache.org/surefire/maven-surefire-plugin/xsd/surefire-test-report.xsd" name="com.allan.cursomc.CursomcApplicationTests" time="2.762" tests="1" errors="1" skipped="0" failures="0">
  <properties>
    <property name="sun.desktop" value="windows"/>
    <property name="awt.toolkit" value="sun.awt.windows.WToolkit"/>
    <property name="file.encoding.pkg" value="sun.io"/>
    <property name="java.specification.version" value="1.8"/>
    <property name="sun.cpu.isalist" value="amd64"/>
    <property name="sun.jnu.encoding" value="Cp1252"/>
    <property name="java.class.path" value="D:\Ambiente_Desenvolvimento\WORKSPACES\WORKSPACE_CURSO_IONIC_BACKEND\ws\cursomc\target\test-classes;D:\Ambiente_Desenvolvimento\WORKSPACES\WORKSPACE_CURSO_IONIC_BACKEND\ws\cursomc\target\classes;C:\Users\Allan Cruz\.m2\repository\org\springframework\boot\spring-boot-starter-web\2.1.3.RELEASE\spring-boot-starter-web-2.1.3.RELEASE.jar;C:\Users\Allan Cruz\.m2\repository\org\springframework\boot\spring-boot-starter\2.1.3.RELEASE\spring-boot-starter-2.1.3.RELEASE.jar;C:\Users\Allan Cruz\.m2\repository\org\springframework\boot\spring-boot-starter-logging\2.1.3.RELEASE\spring-boot-starter-logging-2.1.3.RELEASE.jar;C:\Users\Allan Cruz\.m2\repository\ch\qos\logback\logback-classic\1.2.3\logback-classic-1.2.3.jar;C:\Users\Allan Cruz\.m2\repository\ch\qos\logback\logback-core\1.2.3\logback-core-1.2.3.jar;C:\Users\Allan Cruz\.m2\repository\org\apache\logging\log4j\log4j-to-slf4j\2.11.2\log4j-to-slf4j-2.11.2.jar;C:\Users\Allan Cruz\.m2\repository\org\apache\logging\log4j\log4j-api\2.11.2\log4j-api-2.11.2.jar;C:\Users\Allan Cruz\.m2\repository\org\slf4j\jul-to-slf4j\1.7.25\jul-to-slf4j-1.7.25.jar;C:\Users\Allan Cruz\.m2\repository\javax\annotation\javax.annotation-api\1.3.2\javax.annotation-api-1.3.2.jar;C:\Users\Allan Cruz\.m2\repository\org\yaml\snakeyaml\1.23\snakeyaml-1.23.jar;C:\Users\Allan Cruz\.m2\repository\org\springframework\boot\spring-boot-starter-json\2.1.3.RELEASE\spring-boot-starter-json-2.1.3.RELEASE.jar;C:\Users\Allan Cruz\.m2\repository\com\fasterxml\jackson\datatype\jackson-datatype-jdk8\2.9.8\jackson-datatype-jdk8-2.9.8.jar;C:\Users\Allan Cruz\.m2\repository\com\fasterxml\jackson\datatype\jackson-datatype-jsr310\2.9.8\jackson-datatype-jsr310-2.9.8.jar;C:\Users\Allan Cruz\.m2\repository\com\fasterxml\jackson\module\jackson-module-parameter-names\2.9.8\jackson-module-parameter-names-2.9.8.jar;C:\Users\Allan Cruz\.m2\repository\org\springframework\boot\spring-boot-starter-tomcat\2.1.3.RELEASE\spring-boot-starter-tomcat-2.1.3.RELEASE.jar;C:\Users\Allan Cruz\.m2\repository\org\apache\tomcat\embed\tomcat-embed-core\9.0.16\tomcat-embed-core-9.0.16.jar;C:\Users\Allan Cruz\.m2\repository\org\apache\tomcat\embed\tomcat-embed-el\9.0.16\tomcat-embed-el-9.0.16.jar;C:\Users\Allan Cruz\.m2\repository\org\apache\tomcat\embed\tomcat-embed-websocket\9.0.16\tomcat-embed-websocket-9.0.16.jar;C:\Users\Allan Cruz\.m2\repository\org\hibernate\validator\hibernate-validator\6.0.14.Final\hibernate-validator-6.0.14.Final.jar;C:\Users\Allan Cruz\.m2\repository\javax\validation\validation-api\2.0.1.Final\validation-api-2.0.1.Final.jar;C:\Users\Allan Cruz\.m2\repository\org\jboss\logging\jboss-logging\3.3.2.Final\jboss-logging-3.3.2.Final.jar;C:\Users\Allan Cruz\.m2\repository\com\fasterxml\classmate\1.4.0\classmate-1.4.0.jar;C:\Users\Allan Cruz\.m2\repository\org\springframework\spring-web\5.1.5.RELEASE\spring-web-5.1.5.RELEASE.jar;C:\Users\Allan Cruz\.m2\repository\org\springframework\spring-beans\5.1.5.RELEASE\spring-beans-5.1.5.RELEASE.jar;C:\Users\Allan Cruz\.m2\repository\org\springframework\spring-webmvc\5.1.5.RELEASE\spring-webmvc-5.1.5.RELEASE.jar;C:\Users\Allan Cruz\.m2\repository\org\springframework\spring-context\5.1.5.RELEASE\spring-context-5.1.5.RELEASE.jar;C:\Users\Allan Cruz\.m2\repository\org\springframework\spring-expression\5.1.5.RELEASE\spring-expression-5.1.5.RELEASE.jar;C:\Users\Allan Cruz\.m2\repository\org\springframework\boot\spring-boot-starter-test\2.1.3.RELEASE\spring-boot-starter-test-2.1.3.RELEASE.jar;C:\Users\Allan Cruz\.m2\repository\org\springframework\boot\spring-boot-test\2.1.3.RELEASE\spring-boot-test-2.1.3.RELEASE.jar;C:\Users\Allan Cruz\.m2\repository\org\springframework\boot\spring-boot-test-autoconfigure\2.1.3.RELEASE\spring-boot-test-autoconfigure-2.1.3.RELEASE.jar;C:\Users\Allan Cruz\.m2\repository\com\jayway\jsonpath\json-path\2.4.0\json-path-2.4.0.jar;C:\Users\Allan Cruz\.m2\repository\net\minidev\json-smart\2.3\json-smart-2.3.jar;C:\Users\Allan Cruz\.m2\repository\net\minidev\accessors-smart\1.2\accessors-smart-1.2.jar;C:\Users\Allan Cruz\.m2\repository\org\ow2\asm\asm\5.0.4\asm-5.0.4.jar;C:\Users\Allan Cruz\.m2\repository\org\slf4j\slf4j-api\1.7.25\slf4j-api-1.7.25.jar;C:\Users\Allan Cruz\.m2\repository\junit\junit\4.12\junit-4.12.jar;C:\Users\Allan Cruz\.m2\repository\org\assertj\assertj-core\3.11.1\assertj-core-3.11.1.jar;C:\Users\Allan Cruz\.m2\repository\org\mockito\mockito-core\2.23.4\mockito-core-2.23.4.jar;C:\Users\Allan Cruz\.m2\repository\net\bytebuddy\byte-buddy\1.9.10\byte-buddy-1.9.10.jar;C:\Users\Allan Cruz\.m2\repository\net\bytebuddy\byte-buddy-agent\1.9.10\byte-buddy-agent-1.9.10.jar;C:\Users\Allan Cruz\.m2\repository\org\objenesis\objenesis\2.6\objenesis-2.6.jar;C:\Users\Allan Cruz\.m2\repository\org\hamcrest\hamcrest-core\1.3\hamcrest-core-1.3.jar;C:\Users\Allan Cruz\.m2\repository\org\hamcrest\hamcrest-library\1.3\hamcrest-library-1.3.jar;C:\Users\Allan Cruz\.m2\repository\org\skyscreamer\jsonassert\1.5.0\jsonassert-1.5.0.jar;C:\Users\Allan Cruz\.m2\repository\com\vaadin\external\google\android-json\0.0.20131108.vaadin1\android-json-0.0.20131108.vaadin1.jar;C:\Users\Allan Cruz\.m2\repository\org\springframework\spring-core\5.1.5.RELEASE\spring-core-5.1.5.RELEASE.jar;C:\Users\Allan Cruz\.m2\repository\org\springframework\spring-jcl\5.1.5.RELEASE\spring-jcl-5.1.5.RELEASE.jar;C:\Users\Allan Cruz\.m2\repository\org\springframework\spring-test\5.1.5.RELEASE\spring-test-5.1.5.RELEASE.jar;C:\Users\Allan Cruz\.m2\repository\org\xmlunit\xmlunit-core\2.6.2\xmlunit-core-2.6.2.jar;C:\Users\Allan Cruz\.m2\repository\org\springframework\boot\spring-boot-starter-data-jpa\2.1.3.RELEASE\spring-boot-starter-data-jpa-2.1.3.RELEASE.jar;C:\Users\Allan Cruz\.m2\repository\org\springframework\boot\spring-boot-starter-aop\2.1.3.RELEASE\spring-boot-starter-aop-2.1.3.RELEASE.jar;C:\Users\Allan Cruz\.m2\repository\org\aspectj\aspectjweaver\1.9.2\aspectjweaver-1.9.2.jar;C:\Users\Allan Cruz\.m2\repository\org\springframework\boot\spring-boot-starter-jdbc\2.1.3.RELEASE\spring-boot-starter-jdbc-2.1.3.RELEASE.jar;C:\Users\Allan Cruz\.m2\repository\com\zaxxer\HikariCP\3.2.0\HikariCP-3.2.0.jar;C:\Users\Allan Cruz\.m2\repository\org\springframework\spring-jdbc\5.1.5.RELEASE\spring-jdbc-5.1.5.RELEASE.jar;C:\Users\Allan Cruz\.m2\repository\javax\transaction\javax.transaction-api\1.3\javax.transaction-api-1.3.jar;C:\Users\Allan Cruz\.m2\repository\javax\xml\bind\jaxb-api\2.3.1\jaxb-api-2.3.1.jar;C:\Users\Allan Cruz\.m2\repository\javax\activation\javax.activation-api\1.2.0\javax.activation-api-1.2.0.jar;C:\Users\Allan Cruz\.m2\repository\org\hibernate\hibernate-core\5.3.7.Final\hibernate-core-5.3.7.Final.jar;C:\Users\Allan Cruz\.m2\repository\javax\persistence\javax.persistence-api\2.2\javax.persistence-api-2.2.jar;C:\Users\Allan Cruz\.m2\repository\org\javassist\javassist\3.23.1-GA\javassist-3.23.1-GA.jar;C:\Users\Allan Cruz\.m2\repository\antlr\antlr\2.7.7\antlr-2.7.7.jar;C:\Users\Allan Cruz\.m2\repository\org\jboss\jandex\2.0.5.Final\jandex-2.0.5.Final.jar;C:\Users\Allan Cruz\.m2\repository\org\dom4j\dom4j\2.1.1\dom4j-2.1.1.jar;C:\Users\Allan Cruz\.m2\repository\org\hibernate\common\hibernate-commons-annotations\5.0.4.Final\hibernate-commons-annotations-5.0.4.Final.jar;C:\Users\Allan Cruz\.m2\repository\org\springframework\data\spring-data-jpa\2.1.5.RELEASE\spring-data-jpa-2.1.5.RELEASE.jar;C:\Users\Allan Cruz\.m2\repository\org\springframework\data\spring-data-commons\2.1.5.RELEASE\spring-data-commons-2.1.5.RELEASE.jar;C:\Users\Allan Cruz\.m2\repository\org\springframework\spring-orm\5.1.5.RELEASE\spring-orm-5.1.5.RELEASE.jar;C:\Users\Allan Cruz\.m2\repository\org\springframework\spring-tx\5.1.5.RELEASE\spring-tx-5.1.5.RELEASE.jar;C:\Users\Allan Cruz\.m2\repository\org\springframework\spring-aspects\5.1.5.RELEASE\spring-aspects-5.1.5.RELEASE.jar;C:\Users\Allan Cruz\.m2\repository\com\h2database\h2\1.4.197\h2-1.4.197.jar;C:\Users\Allan Cruz\.m2\repository\org\springframework\boot\spring-boot-devtools\2.1.3.RELEASE\spring-boot-devtools-2.1.3.RELEASE.jar;C:\Users\Allan Cruz\.m2\repository\org\springframework\boot\spring-boot\2.1.3.RELEASE\spring-boot-2.1.3.RELEASE.jar;C:\Users\Allan Cruz\.m2\repository\org\springframework\boot\spring-boot-autoconfigure\2.1.3.RELEASE\spring-boot-autoconfigure-2.1.3.RELEASE.jar;C:\Users\Allan Cruz\.m2\repository\mysql\mysql-connector-java\8.0.15\mysql-connector-java-8.0.15.jar;C:\Users\Allan Cruz\.m2\repository\org\springframework\boot\spring-boot-starter-mail\2.1.3.RELEASE\spring-boot-starter-mail-2.1.3.RELEASE.jar;C:\Users\Allan Cruz\.m2\repository\org\springframework\spring-context-support\5.1.5.RELEASE\spring-context-support-5.1.5.RELEASE.jar;C:\Users\Allan Cruz\.m2\repository\com\sun\mail\javax.mail\1.6.2\javax.mail-1.6.2.jar;C:\Users\Allan Cruz\.m2\repository\javax\activation\activation\1.1\activation-1.1.jar;C:\Users\Allan Cruz\.m2\repository\org\springframework\boot\spring-boot-starter-thymeleaf\2.1.3.RELEASE\spring-boot-starter-thymeleaf-2.1.3.RELEASE.jar;C:\Users\Allan Cruz\.m2\repository\org\thymeleaf\thymeleaf-spring5\3.0.11.RELEASE\thymeleaf-spring5-3.0.11.RELEASE.jar;C:\Users\Allan Cruz\.m2\repository\org\thymeleaf\thymeleaf\3.0.11.RELEASE\thymeleaf-3.0.11.RELEASE.jar;C:\Users\Allan Cruz\.m2\repository\org\attoparser\attoparser\2.0.5.RELEASE\attoparser-2.0.5.RELEASE.jar;C:\Users\Allan Cruz\.m2\repository\org\unbescape\unbescape\1.1.6.RELEASE\unbescape-1.1.6.RELEASE.jar;C:\Users\Allan Cruz\.m2\repository\org\thymeleaf\extras\thymeleaf-extras-java8time\3.0.3.RELEASE\thymeleaf-extras-java8time-3.0.3.RELEASE.jar;C:\Users\Allan Cruz\.m2\repository\org\springframework\boot\spring-boot-starter-security\2.1.3.RELEASE\spring-boot-starter-security-2.1.3.RELEASE.jar;C:\Users\Allan Cruz\.m2\repository\org\springframework\spring-aop\5.1.5.RELEASE\spring-aop-5.1.5.RELEASE.jar;C:\Users\Allan Cruz\.m2\repository\org\springframework\security\spring-security-config\5.1.4.RELEASE\spring-security-config-5.1.4.RELEASE.jar;C:\Users\Allan Cruz\.m2\repository\org\springframework\security\spring-security-core\5.1.4.RELEASE\spring-security-core-5.1.4.RELEASE.jar;C:\Users\Allan Cruz\.m2\repository\org\springframework\security\spring-security-web\5.1.4.RELEASE\spring-security-web-5.1.4.RELEASE.jar;C:\Users\Allan Cruz\.m2\repository\io\jsonwebtoken\jjwt\0.7.0\jjwt-0.7.0.jar;C:\Users\Allan Cruz\.m2\repository\com\fasterxml\jackson\core\jackson-databind\2.9.8\jackson-databind-2.9.8.jar;C:\Users\Allan Cruz\.m2\repository\com\fasterxml\jackson\core\jackson-annotations\2.9.0\jackson-annotations-2.9.0.jar;C:\Users\Allan Cruz\.m2\repository\com\fasterxml\jackson\core\jackson-core\2.9.8\jackson-core-2.9.8.jar;C:\Users\Allan Cruz\.m2\repository\com\amazonaws\aws-java-sdk\1.11.649\aws-java-sdk-1.11.649.jar;C:\Users\Allan Cruz\.m2\repository\com\amazonaws\aws-java-sdk-workmailmessageflow\1.11.649\aws-java-sdk-workmailmessageflow-1.11.649.jar;C:\Users\Allan Cruz\.m2\repository\com\amazonaws\jmespath-java\1.11.649\jmespath-java-1.11.649.jar;C:\Users\Allan Cruz\.m2\repository\com\amazonaws\aws-java-sdk-qldbsession\1.11.649\aws-java-sdk-qldbsession-1.11.649.jar;C:\Users\Allan Cruz\.m2\repository\com\amazonaws\aws-java-sdk-qldb\1.11.649\aws-java-sdk-qldb-1.11.649.jar;C:\Users\Allan Cruz\.m2\repository\com\amazonaws\aws-java-sdk-forecastquery\1.11.649\aws-java-sdk-forecastquery-1.11.649.jar;C:\Users\Allan Cruz\.m2\repository\com\amazonaws\aws-java-sdk-forecast\1.11.649\aws-java-sdk-forecast-1.11.649.jar;C:\Users\Allan Cruz\.m2\repository\com\amazonaws\aws-java-sdk-lakeformation\1.11.649\aws-java-sdk-lakeformation-1.11.649.jar;C:\Users\Allan Cruz\.m2\repository\com\amazonaws\aws-java-sdk-eventbridge\1.11.649\aws-java-sdk-eventbridge-1.11.649.jar;C:\Users\Allan Cruz\.m2\repository\com\amazonaws\aws-java-sdk-ec2instanceconnect\1.11.649\aws-java-sdk-ec2instanceconnect-1.11.649.jar;C:\Users\Allan Cruz\.m2\repository\com\amazonaws\aws-java-sdk-applicationinsights\1.11.649\aws-java-sdk-applicationinsights-1.11.649.jar;C:\Users\Allan Cruz\.m2\repository\com\amazonaws\aws-java-sdk-servicequotas\1.11.649\aws-java-sdk-servicequotas-1.11.649.jar;C:\Users\Allan Cruz\.m2\repository\com\amazonaws\aws-java-sdk-personalizeevents\1.11.649\aws-java-sdk-personalizeevents-1.11.649.jar;C:\Users\Allan Cruz\.m2\repository\com\amazonaws\aws-java-sdk-personalize\1.11.649\aws-java-sdk-personalize-1.11.649.jar;C:\Users\Allan Cruz\.m2\repository\com\amazonaws\aws-java-sdk-personalizeruntime\1.11.649\aws-java-sdk-personalizeruntime-1.11.649.jar;C:\Users\Allan Cruz\.m2\repository\com\amazonaws\aws-java-sdk-ioteventsdata\1.11.649\aws-java-sdk-ioteventsdata-1.11.649.jar;C:\Users\Allan Cruz\.m2\repository\com\amazonaws\aws-java-sdk-iotevents\1.11.649\aws-java-sdk-iotevents-1.11.649.jar;C:\Users\Allan Cruz\.m2\repository\com\amazonaws\aws-java-sdk-iotthingsgraph\1.11.649\aws-java-sdk-iotthingsgraph-1.11.649.jar;C:\Users\Allan Cruz\.m2\repository\com\amazonaws\aws-java-sdk-groundstation\1.11.649\aws-java-sdk-groundstation-1.11.649.jar;C:\Users\Allan Cruz\.m2\repository\com\amazonaws\aws-java-sdk-mediapackagevod\1.11.649\aws-java-sdk-mediapackagevod-1.11.649.jar;C:\Users\Allan Cruz\.m2\repository\com\amazonaws\aws-java-sdk-managedblockchain\1.11.649\aws-java-sdk-managedblockchain-1.11.649.jar;C:\Users\Allan Cruz\.m2\repository\com\amazonaws\aws-java-sdk-textract\1.11.649\aws-java-sdk-textract-1.11.649.jar;C:\Users\Allan Cruz\.m2\repository\com\amazonaws\aws-java-sdk-worklink\1.11.649\aws-java-sdk-worklink-1.11.649.jar;C:\Users\Allan Cruz\.m2\repository\com\amazonaws\aws-java-sdk-backup\1.11.649\aws-java-sdk-backup-1.11.649.jar;C:\Users\Allan Cruz\.m2\repository\com\amazonaws\aws-java-sdk-docdb\1.11.649\aws-java-sdk-docdb-1.11.649.jar;C:\Users\Allan Cruz\.m2\repository\com\amazonaws\aws-java-sdk-apigatewayv2\1.11.649\aws-java-sdk-apigatewayv2-1.11.649.jar;C:\Users\Allan Cruz\.m2\repository\com\amazonaws\aws-java-sdk-apigatewaymanagementapi\1.11.649\aws-java-sdk-apigatewaymanagementapi-1.11.649.jar;C:\Users\Allan Cruz\.m2\repository\com\amazonaws\aws-java-sdk-kafka\1.11.649\aws-java-sdk-kafka-1.11.649.jar;C:\Users\Allan Cruz\.m2\repository\com\amazonaws\aws-java-sdk-appmesh\1.11.649\aws-java-sdk-appmesh-1.11.649.jar;C:\Users\Allan Cruz\.m2\repository\com\amazonaws\aws-java-sdk-licensemanager\1.11.649\aws-java-sdk-licensemanager-1.11.649.jar;C:\Users\Allan Cruz\.m2\repository\com\amazonaws\aws-java-sdk-securityhub\1.11.649\aws-java-sdk-securityhub-1.11.649.jar;C:\Users\Allan Cruz\.m2\repository\com\amazonaws\aws-java-sdk-fsx\1.11.649\aws-java-sdk-fsx-1.11.649.jar;C:\Users\Allan Cruz\.m2\repository\com\amazonaws\aws-java-sdk-mediaconnect\1.11.649\aws-java-sdk-mediaconnect-1.11.649.jar;C:\Users\Allan Cruz\.m2\repository\com\amazonaws\aws-java-sdk-kinesisanalyticsv2\1.11.649\aws-java-sdk-kinesisanalyticsv2-1.11.649.jar;C:\Users\Allan Cruz\.m2\repository\com\amazonaws\aws-java-sdk-comprehendmedical\1.11.649\aws-java-sdk-comprehendmedical-1.11.649.jar;C:\Users\Allan Cruz\.m2\repository\com\amazonaws\aws-java-sdk-globalaccelerator\1.11.649\aws-java-sdk-globalaccelerator-1.11.649.jar;C:\Users\Allan Cruz\.m2\repository\com\amazonaws\aws-java-sdk-transfer\1.11.649\aws-java-sdk-transfer-1.11.649.jar;C:\Users\Allan Cruz\.m2\repository\com\amazonaws\aws-java-sdk-datasync\1.11.649\aws-java-sdk-datasync-1.11.649.jar;C:\Users\Allan Cruz\.m2\repository\com\amazonaws\aws-java-sdk-robomaker\1.11.649\aws-java-sdk-robomaker-1.11.649.jar;C:\Users\Allan Cruz\.m2\repository\com\amazonaws\aws-java-sdk-amplify\1.11.649\aws-java-sdk-amplify-1.11.649.jar;C:\Users\Allan Cruz\.m2\repository\com\amazonaws\aws-java-sdk-quicksight\1.11.649\aws-java-sdk-quicksight-1.11.649.jar;C:\Users\Allan Cruz\.m2\repository\com\amazonaws\aws-java-sdk-rdsdata\1.11.649\aws-java-sdk-rdsdata-1.11.649.jar;C:\Users\Allan Cruz\.m2\repository\com\amazonaws\aws-java-sdk-route53resolver\1.11.649\aws-java-sdk-route53resolver-1.11.649.jar;C:\Users\Allan Cruz\.m2\repository\com\amazonaws\aws-java-sdk-ram\1.11.649\aws-java-sdk-ram-1.11.649.jar;C:\Users\Allan Cruz\.m2\repository\com\amazonaws\aws-java-sdk-s3control\1.11.649\aws-java-sdk-s3control-1.11.649.jar;C:\Users\Allan Cruz\.m2\repository\com\amazonaws\aws-java-sdk-pinpointsmsvoice\1.11.649\aws-java-sdk-pinpointsmsvoice-1.11.649.jar;C:\Users\Allan Cruz\.m2\repository\com\amazonaws\aws-java-sdk-pinpointemail\1.11.649\aws-java-sdk-pinpointemail-1.11.649.jar;C:\Users\Allan Cruz\.m2\repository\com\amazonaws\aws-java-sdk-chime\1.11.649\aws-java-sdk-chime-1.11.649.jar;C:\Users\Allan Cruz\.m2\repository\com\amazonaws\aws-java-sdk-signer\1.11.649\aws-java-sdk-signer-1.11.649.jar;C:\Users\Allan Cruz\.m2\repository\com\amazonaws\aws-java-sdk-dlm\1.11.649\aws-java-sdk-dlm-1.11.649.jar;C:\Users\Allan Cruz\.m2\repository\com\amazonaws\aws-java-sdk-macie\1.11.649\aws-java-sdk-macie-1.11.649.jar;C:\Users\Allan Cruz\.m2\repository\com\amazonaws\aws-java-sdk-eks\1.11.649\aws-java-sdk-eks-1.11.649.jar;C:\Users\Allan Cruz\.m2\repository\com\amazonaws\aws-java-sdk-mediatailor\1.11.649\aws-java-sdk-mediatailor-1.11.649.jar;C:\Users\Allan Cruz\.m2\repository\com\amazonaws\aws-java-sdk-neptune\1.11.649\aws-java-sdk-neptune-1.11.649.jar;C:\Users\Allan Cruz\.m2\repository\com\amazonaws\aws-java-sdk-pi\1.11.649\aws-java-sdk-pi-1.11.649.jar;C:\Users\Allan Cruz\.m2\repository\com\amazonaws\aws-java-sdk-iot1clickprojects\1.11.649\aws-java-sdk-iot1clickprojects-1.11.649.jar;C:\Users\Allan Cruz\.m2\repository\com\amazonaws\aws-java-sdk-iot1clickdevices\1.11.649\aws-java-sdk-iot1clickdevices-1.11.649.jar;C:\Users\Allan Cruz\.m2\repository\com\amazonaws\aws-java-sdk-iotanalytics\1.11.649\aws-java-sdk-iotanalytics-1.11.649.jar;C:\Users\Allan Cruz\.m2\repository\com\amazonaws\aws-java-sdk-acmpca\1.11.649\aws-java-sdk-acmpca-1.11.649.jar;C:\Users\Allan Cruz\.m2\repository\com\amazonaws\aws-java-sdk-secretsmanager\1.11.649\aws-java-sdk-secretsmanager-1.11.649.jar;C:\Users\Allan Cruz\.m2\repository\com\amazonaws\aws-java-sdk-fms\1.11.649\aws-java-sdk-fms-1.11.649.jar;C:\Users\Allan Cruz\.m2\repository\com\amazonaws\aws-java-sdk-connect\1.11.649\aws-java-sdk-connect-1.11.649.jar;C:\Users\Allan Cruz\.m2\repository\com\amazonaws\aws-java-sdk-transcribe\1.11.649\aws-java-sdk-transcribe-1.11.649.jar;C:\Users\Allan Cruz\.m2\repository\com\amazonaws\aws-java-sdk-autoscalingplans\1.11.649\aws-java-sdk-autoscalingplans-1.11.649.jar;C:\Users\Allan Cruz\.m2\repository\com\amazonaws\aws-java-sdk-workmail\1.11.649\aws-java-sdk-workmail-1.11.649.jar;C:\Users\Allan Cruz\.m2\repository\com\amazonaws\aws-java-sdk-servicediscovery\1.11.649\aws-java-sdk-servicediscovery-1.11.649.jar;C:\Users\Allan Cruz\.m2\repository\com\amazonaws\aws-java-sdk-cloud9\1.11.649\aws-java-sdk-cloud9-1.11.649.jar;C:\Users\Allan Cruz\.m2\repository\com\amazonaws\aws-java-sdk-serverlessapplicationrepository\1.11.649\aws-java-sdk-serverlessapplicationrepository-1.11.649.jar;C:\Users\Allan Cruz\.m2\repository\com\amazonaws\aws-java-sdk-alexaforbusiness\1.11.649\aws-java-sdk-alexaforbusiness-1.11.649.jar;C:\Users\Allan Cruz\.m2\repository\com\amazonaws\aws-java-sdk-resourcegroups\1.11.649\aws-java-sdk-resourcegroups-1.11.649.jar;C:\Users\Allan Cruz\.m2\repository\com\amazonaws\aws-java-sdk-comprehend\1.11.649\aws-java-sdk-comprehend-1.11.649.jar;C:\Users\Allan Cruz\.m2\repository\com\amazonaws\aws-java-sdk-translate\1.11.649\aws-java-sdk-translate-1.11.649.jar;C:\Users\Allan Cruz\.m2\repository\com\amazonaws\aws-java-sdk-sagemaker\1.11.649\aws-java-sdk-sagemaker-1.11.649.jar;C:\Users\Allan Cruz\.m2\repository\com\amazonaws\aws-java-sdk-iotjobsdataplane\1.11.649\aws-java-sdk-iotjobsdataplane-1.11.649.jar;C:\Users\Allan Cruz\.m2\repository\com\amazonaws\aws-java-sdk-sagemakerruntime\1.11.649\aws-java-sdk-sagemakerruntime-1.11.649.jar;C:\Users\Allan Cruz\.m2\repository\com\amazonaws\aws-java-sdk-kinesisvideo\1.11.649\aws-java-sdk-kinesisvideo-1.11.649.jar;C:\Users\Allan Cruz\.m2\repository\io\netty\netty-codec-http\4.1.33.Final\netty-codec-http-4.1.33.Final.jar;C:\Users\Allan Cruz\.m2\repository\io\netty\netty-common\4.1.33.Final\netty-common-4.1.33.Final.jar;C:\Users\Allan Cruz\.m2\repository\io\netty\netty-buffer\4.1.33.Final\netty-buffer-4.1.33.Final.jar;C:\Users\Allan Cruz\.m2\repository\io\netty\netty-transport\4.1.33.Final\netty-transport-4.1.33.Final.jar;C:\Users\Allan Cruz\.m2\repository\io\netty\netty-resolver\4.1.33.Final\netty-resolver-4.1.33.Final.jar;C:\Users\Allan Cruz\.m2\repository\io\netty\netty-codec\4.1.33.Final\netty-codec-4.1.33.Final.jar;C:\Users\Allan Cruz\.m2\repository\io\netty\netty-handler\4.1.33.Final\netty-handler-4.1.33.Final.jar;C:\Users\Allan Cruz\.m2\repository\com\amazonaws\aws-java-sdk-appsync\1.11.649\aws-java-sdk-appsync-1.11.649.jar;C:\Users\Allan Cruz\.m2\repository\com\amazonaws\aws-java-sdk-guardduty\1.11.649\aws-java-sdk-guardduty-1.11.649.jar;C:\Users\Allan Cruz\.m2\repository\com\amazonaws\aws-java-sdk-mq\1.11.649\aws-java-sdk-mq-1.11.649.jar;C:\Users\Allan Cruz\.m2\repository\com\amazonaws\aws-java-sdk-mediaconvert\1.11.649\aws-java-sdk-mediaconvert-1.11.649.jar;C:\Users\Allan Cruz\.m2\repository\com\amazonaws\aws-java-sdk-mediastore\1.11.649\aws-java-sdk-mediastore-1.11.649.jar;C:\Users\Allan Cruz\.m2\repository\com\amazonaws\aws-java-sdk-mediastoredata\1.11.649\aws-java-sdk-mediastoredata-1.11.649.jar;C:\Users\Allan Cruz\.m2\repository\com\amazonaws\aws-java-sdk-medialive\1.11.649\aws-java-sdk-medialive-1.11.649.jar;C:\Users\Allan Cruz\.m2\repository\com\amazonaws\aws-java-sdk-mediapackage\1.11.649\aws-java-sdk-mediapackage-1.11.649.jar;C:\Users\Allan Cruz\.m2\repository\com\amazonaws\aws-java-sdk-costexplorer\1.11.649\aws-java-sdk-costexplorer-1.11.649.jar;C:\Users\Allan Cruz\.m2\repository\com\amazonaws\aws-java-sdk-pricing\1.11.649\aws-java-sdk-pricing-1.11.649.jar;C:\Users\Allan Cruz\.m2\repository\com\amazonaws\aws-java-sdk-mobile\1.11.649\aws-java-sdk-mobile-1.11.649.jar;C:\Users\Allan Cruz\.m2\repository\com\amazonaws\aws-java-sdk-cloudhsmv2\1.11.649\aws-java-sdk-cloudhsmv2-1.11.649.jar;C:\Users\Allan Cruz\.m2\repository\com\amazonaws\aws-java-sdk-glue\1.11.649\aws-java-sdk-glue-1.11.649.jar;C:\Users\Allan Cruz\.m2\repository\com\amazonaws\aws-java-sdk-migrationhub\1.11.649\aws-java-sdk-migrationhub-1.11.649.jar;C:\Users\Allan Cruz\.m2\repository\com\amazonaws\aws-java-sdk-dax\1.11.649\aws-java-sdk-dax-1.11.649.jar;C:\Users\Allan Cruz\.m2\repository\com\amazonaws\aws-java-sdk-greengrass\1.11.649\aws-java-sdk-greengrass-1.11.649.jar;C:\Users\Allan Cruz\.m2\repository\com\amazonaws\aws-java-sdk-athena\1.11.649\aws-java-sdk-athena-1.11.649.jar;C:\Users\Allan Cruz\.m2\repository\com\amazonaws\aws-java-sdk-marketplaceentitlement\1.11.649\aws-java-sdk-marketplaceentitlement-1.11.649.jar;C:\Users\Allan Cruz\.m2\repository\com\amazonaws\aws-java-sdk-codestar\1.11.649\aws-java-sdk-codestar-1.11.649.jar;C:\Users\Allan Cruz\.m2\repository\com\amazonaws\aws-java-sdk-lexmodelbuilding\1.11.649\aws-java-sdk-lexmodelbuilding-1.11.649.jar;C:\Users\Allan Cruz\.m2\repository\com\amazonaws\aws-java-sdk-resourcegroupstaggingapi\1.11.649\aws-java-sdk-resourcegroupstaggingapi-1.11.649.jar;C:\Users\Allan Cruz\.m2\repository\com\amazonaws\aws-java-sdk-pinpoint\1.11.649\aws-java-sdk-pinpoint-1.11.649.jar;C:\Users\Allan Cruz\.m2\repository\com\amazonaws\aws-java-sdk-xray\1.11.649\aws-java-sdk-xray-1.11.649.jar;C:\Users\Allan Cruz\.m2\repository\com\amazonaws\aws-java-sdk-opsworkscm\1.11.649\aws-java-sdk-opsworkscm-1.11.649.jar;C:\Users\Allan Cruz\.m2\repository\com\amazonaws\aws-java-sdk-support\1.11.649\aws-java-sdk-support-1.11.649.jar;C:\Users\Allan Cruz\.m2\repository\com\amazonaws\aws-java-sdk-simpledb\1.11.649\aws-java-sdk-simpledb-1.11.649.jar;C:\Users\Allan Cruz\.m2\repository\com\amazonaws\aws-java-sdk-servicecatalog\1.11.649\aws-java-sdk-servicecatalog-1.11.649.jar;C:\Users\Allan Cruz\.m2\repository\com\amazonaws\aws-java-sdk-servermigration\1.11.649\aws-java-sdk-servermigration-1.11.649.jar;C:\Users\Allan Cruz\.m2\repository\com\amazonaws\aws-java-sdk-simpleworkflow\1.11.649\aws-java-sdk-simpleworkflow-1.11.649.jar;C:\Users\Allan Cruz\.m2\repository\com\amazonaws\aws-java-sdk-storagegateway\1.11.649\aws-java-sdk-storagegateway-1.11.649.jar;C:\Users\Allan Cruz\.m2\repository\com\amazonaws\aws-java-sdk-route53\1.11.649\aws-java-sdk-route53-1.11.649.jar;C:\Users\Allan Cruz\.m2\repository\com\amazonaws\aws-java-sdk-s3\1.11.649\aws-java-sdk-s3-1.11.649.jar;C:\Users\Allan Cruz\.m2\repository\com\amazonaws\aws-java-sdk-importexport\1.11.649\aws-java-sdk-importexport-1.11.649.jar;C:\Users\Allan Cruz\.m2\repository\com\amazonaws\aws-java-sdk-sts\1.11.649\aws-java-sdk-sts-1.11.649.jar;C:\Users\Allan Cruz\.m2\repository\com\amazonaws\aws-java-sdk-sqs\1.11.649\aws-java-sdk-sqs-1.11.649.jar;C:\Users\Allan Cruz\.m2\repository\com\amazonaws\aws-java-sdk-rds\1.11.649\aws-java-sdk-rds-1.11.649.jar;C:\Users\Allan Cruz\.m2\repository\com\amazonaws\aws-java-sdk-redshift\1.11.649\aws-java-sdk-redshift-1.11.649.jar;C:\Users\Allan Cruz\.m2\repository\com\amazonaws\aws-java-sdk-elasticbeanstalk\1.11.649\aws-java-sdk-elasticbeanstalk-1.11.649.jar;C:\Users\Allan Cruz\.m2\repository\com\amazonaws\aws-java-sdk-glacier\1.11.649\aws-java-sdk-glacier-1.11.649.jar;C:\Users\Allan Cruz\.m2\repository\com\amazonaws\aws-java-sdk-iam\1.11.649\aws-java-sdk-iam-1.11.649.jar;C:\Users\Allan Cruz\.m2\repository\com\amazonaws\aws-java-sdk-datapipeline\1.11.649\aws-java-sdk-datapipeline-1.11.649.jar;C:\Users\Allan Cruz\.m2\repository\com\amazonaws\aws-java-sdk-elasticloadbalancing\1.11.649\aws-java-sdk-elasticloadbalancing-1.11.649.jar;C:\Users\Allan Cruz\.m2\repository\com\amazonaws\aws-java-sdk-elasticloadbalancingv2\1.11.649\aws-java-sdk-elasticloadbalancingv2-1.11.649.jar;C:\Users\Allan Cruz\.m2\repository\com\amazonaws\aws-java-sdk-emr\1.11.649\aws-java-sdk-emr-1.11.649.jar;C:\Users\Allan Cruz\.m2\repository\com\amazonaws\aws-java-sdk-elasticache\1.11.649\aws-java-sdk-elasticache-1.11.649.jar;C:\Users\Allan Cruz\.m2\repository\com\amazonaws\aws-java-sdk-elastictranscoder\1.11.649\aws-java-sdk-elastictranscoder-1.11.649.jar;C:\Users\Allan Cruz\.m2\repository\com\amazonaws\aws-java-sdk-ec2\1.11.649\aws-java-sdk-ec2-1.11.649.jar;C:\Users\Allan Cruz\.m2\repository\com\amazonaws\aws-java-sdk-dynamodb\1.11.649\aws-java-sdk-dynamodb-1.11.649.jar;C:\Users\Allan Cruz\.m2\repository\com\amazonaws\aws-java-sdk-sns\1.11.649\aws-java-sdk-sns-1.11.649.jar;C:\Users\Allan Cruz\.m2\repository\com\amazonaws\aws-java-sdk-budgets\1.11.649\aws-java-sdk-budgets-1.11.649.jar;C:\Users\Allan Cruz\.m2\repository\com\amazonaws\aws-java-sdk-cloudtrail\1.11.649\aws-java-sdk-cloudtrail-1.11.649.jar;C:\Users\Allan Cruz\.m2\repository\com\amazonaws\aws-java-sdk-cloudwatch\1.11.649\aws-java-sdk-cloudwatch-1.11.649.jar;C:\Users\Allan Cruz\.m2\repository\com\amazonaws\aws-java-sdk-logs\1.11.649\aws-java-sdk-logs-1.11.649.jar;C:\Users\Allan Cruz\.m2\repository\com\amazonaws\aws-java-sdk-events\1.11.649\aws-java-sdk-events-1.11.649.jar;C:\Users\Allan Cruz\.m2\repository\com\amazonaws\aws-java-sdk-cognitoidentity\1.11.649\aws-java-sdk-cognitoidentity-1.11.649.jar;C:\Users\Allan Cruz\.m2\repository\com\amazonaws\aws-java-sdk-cognitosync\1.11.649\aws-java-sdk-cognitosync-1.11.649.jar;C:\Users\Allan Cruz\.m2\repository\com\amazonaws\aws-java-sdk-directconnect\1.11.649\aws-java-sdk-directconnect-1.11.649.jar;C:\Users\Allan Cruz\.m2\repository\com\amazonaws\aws-java-sdk-cloudformation\1.11.649\aws-java-sdk-cloudformation-1.11.649.jar;C:\Users\Allan Cruz\.m2\repository\com\amazonaws\aws-java-sdk-cloudfront\1.11.649\aws-java-sdk-cloudfront-1.11.649.jar;C:\Users\Allan Cruz\.m2\repository\com\amazonaws\aws-java-sdk-clouddirectory\1.11.649\aws-java-sdk-clouddirectory-1.11.649.jar;C:\Users\Allan Cruz\.m2\repository\com\amazonaws\aws-java-sdk-kinesis\1.11.649\aws-java-sdk-kinesis-1.11.649.jar;C:\Users\Allan Cruz\.m2\repository\com\amazonaws\aws-java-sdk-opsworks\1.11.649\aws-java-sdk-opsworks-1.11.649.jar;C:\Users\Allan Cruz\.m2\repository\com\amazonaws\aws-java-sdk-ses\1.11.649\aws-java-sdk-ses-1.11.649.jar;C:\Users\Allan Cruz\.m2\repository\com\amazonaws\aws-java-sdk-autoscaling\1.11.649\aws-java-sdk-autoscaling-1.11.649.jar;C:\Users\Allan Cruz\.m2\repository\com\amazonaws\aws-java-sdk-cloudsearch\1.11.649\aws-java-sdk-cloudsearch-1.11.649.jar;C:\Users\Allan Cruz\.m2\repository\com\amazonaws\aws-java-sdk-cloudwatchmetrics\1.11.649\aws-java-sdk-cloudwatchmetrics-1.11.649.jar;C:\Users\Allan Cruz\.m2\repository\com\amazonaws\aws-java-sdk-codedeploy\1.11.649\aws-java-sdk-codedeploy-1.11.649.jar;C:\Users\Allan Cruz\.m2\repository\com\amazonaws\aws-java-sdk-codepipeline\1.11.649\aws-java-sdk-codepipeline-1.11.649.jar;C:\Users\Allan Cruz\.m2\repository\com\amazonaws\aws-java-sdk-kms\1.11.649\aws-java-sdk-kms-1.11.649.jar;C:\Users\Allan Cruz\.m2\repository\com\amazonaws\aws-java-sdk-config\1.11.649\aws-java-sdk-config-1.11.649.jar;C:\Users\Allan Cruz\.m2\repository\com\amazonaws\aws-java-sdk-lambda\1.11.649\aws-java-sdk-lambda-1.11.649.jar;C:\Users\Allan Cruz\.m2\repository\com\amazonaws\aws-java-sdk-ecs\1.11.649\aws-java-sdk-ecs-1.11.649.jar;C:\Users\Allan Cruz\.m2\repository\com\amazonaws\aws-java-sdk-ecr\1.11.649\aws-java-sdk-ecr-1.11.649.jar;C:\Users\Allan Cruz\.m2\repository\com\amazonaws\aws-java-sdk-cloudhsm\1.11.649\aws-java-sdk-cloudhsm-1.11.649.jar;C:\Users\Allan Cruz\.m2\repository\com\amazonaws\aws-java-sdk-ssm\1.11.649\aws-java-sdk-ssm-1.11.649.jar;C:\Users\Allan Cruz\.m2\repository\com\amazonaws\aws-java-sdk-workspaces\1.11.649\aws-java-sdk-workspaces-1.11.649.jar;C:\Users\Allan Cruz\.m2\repository\com\amazonaws\aws-java-sdk-machinelearning\1.11.649\aws-java-sdk-machinelearning-1.11.649.jar;C:\Users\Allan Cruz\.m2\repository\com\amazonaws\aws-java-sdk-directory\1.11.649\aws-java-sdk-directory-1.11.649.jar;C:\Users\Allan Cruz\.m2\repository\com\amazonaws\aws-java-sdk-efs\1.11.649\aws-java-sdk-efs-1.11.649.jar;C:\Users\Allan Cruz\.m2\repository\com\amazonaws\aws-java-sdk-codecommit\1.11.649\aws-java-sdk-codecommit-1.11.649.jar;C:\Users\Allan Cruz\.m2\repository\com\amazonaws\aws-java-sdk-devicefarm\1.11.649\aws-java-sdk-devicefarm-1.11.649.jar;C:\Users\Allan Cruz\.m2\repository\com\amazonaws\aws-java-sdk-elasticsearch\1.11.649\aws-java-sdk-elasticsearch-1.11.649.jar;C:\Users\Allan Cruz\.m2\repository\com\amazonaws\aws-java-sdk-waf\1.11.649\aws-java-sdk-waf-1.11.649.jar;C:\Users\Allan Cruz\.m2\repository\com\amazonaws\aws-java-sdk-marketplacecommerceanalytics\1.11.649\aws-java-sdk-marketplacecommerceanalytics-1.11.649.jar;C:\Users\Allan Cruz\.m2\repository\com\amazonaws\aws-java-sdk-inspector\1.11.649\aws-java-sdk-inspector-1.11.649.jar;C:\Users\Allan Cruz\.m2\repository\com\amazonaws\aws-java-sdk-iot\1.11.649\aws-java-sdk-iot-1.11.649.jar;C:\Users\Allan Cruz\.m2\repository\com\amazonaws\aws-java-sdk-api-gateway\1.11.649\aws-java-sdk-api-gateway-1.11.649.jar;C:\Users\Allan Cruz\.m2\repository\com\amazonaws\aws-java-sdk-acm\1.11.649\aws-java-sdk-acm-1.11.649.jar;C:\Users\Allan Cruz\.m2\repository\com\amazonaws\aws-java-sdk-gamelift\1.11.649\aws-java-sdk-gamelift-1.11.649.jar;C:\Users\Allan Cruz\.m2\repository\com\amazonaws\aws-java-sdk-dms\1.11.649\aws-java-sdk-dms-1.11.649.jar;C:\Users\Allan Cruz\.m2\repository\com\amazonaws\aws-java-sdk-marketplacemeteringservice\1.11.649\aws-java-sdk-marketplacemeteringservice-1.11.649.jar;C:\Users\Allan Cruz\.m2\repository\com\amazonaws\aws-java-sdk-cognitoidp\1.11.649\aws-java-sdk-cognitoidp-1.11.649.jar;C:\Users\Allan Cruz\.m2\repository\com\amazonaws\aws-java-sdk-discovery\1.11.649\aws-java-sdk-discovery-1.11.649.jar;C:\Users\Allan Cruz\.m2\repository\com\amazonaws\aws-java-sdk-applicationautoscaling\1.11.649\aws-java-sdk-applicationautoscaling-1.11.649.jar;C:\Users\Allan Cruz\.m2\repository\com\amazonaws\aws-java-sdk-snowball\1.11.649\aws-java-sdk-snowball-1.11.649.jar;C:\Users\Allan Cruz\.m2\repository\com\amazonaws\aws-java-sdk-rekognition\1.11.649\aws-java-sdk-rekognition-1.11.649.jar;C:\Users\Allan Cruz\.m2\repository\com\amazonaws\aws-java-sdk-polly\1.11.649\aws-java-sdk-polly-1.11.649.jar;C:\Users\Allan Cruz\.m2\repository\com\amazonaws\aws-java-sdk-lightsail\1.11.649\aws-java-sdk-lightsail-1.11.649.jar;C:\Users\Allan Cruz\.m2\repository\com\amazonaws\aws-java-sdk-stepfunctions\1.11.649\aws-java-sdk-stepfunctions-1.11.649.jar;C:\Users\Allan Cruz\.m2\repository\com\amazonaws\aws-java-sdk-health\1.11.649\aws-java-sdk-health-1.11.649.jar;C:\Users\Allan Cruz\.m2\repository\com\amazonaws\aws-java-sdk-costandusagereport\1.11.649\aws-java-sdk-costandusagereport-1.11.649.jar;C:\Users\Allan Cruz\.m2\repository\com\amazonaws\aws-java-sdk-codebuild\1.11.649\aws-java-sdk-codebuild-1.11.649.jar;C:\Users\Allan Cruz\.m2\repository\com\amazonaws\aws-java-sdk-appstream\1.11.649\aws-java-sdk-appstream-1.11.649.jar;C:\Users\Allan Cruz\.m2\repository\com\amazonaws\aws-java-sdk-shield\1.11.649\aws-java-sdk-shield-1.11.649.jar;C:\Users\Allan Cruz\.m2\repository\com\amazonaws\aws-java-sdk-batch\1.11.649\aws-java-sdk-batch-1.11.649.jar;C:\Users\Allan Cruz\.m2\repository\com\amazonaws\aws-java-sdk-lex\1.11.649\aws-java-sdk-lex-1.11.649.jar;C:\Users\Allan Cruz\.m2\repository\com\amazonaws\aws-java-sdk-mechanicalturkrequester\1.11.649\aws-java-sdk-mechanicalturkrequester-1.11.649.jar;C:\Users\Allan Cruz\.m2\repository\com\amazonaws\aws-java-sdk-organizations\1.11.649\aws-java-sdk-organizations-1.11.649.jar;C:\Users\Allan Cruz\.m2\repository\com\amazonaws\aws-java-sdk-workdocs\1.11.649\aws-java-sdk-workdocs-1.11.649.jar;C:\Users\Allan Cruz\.m2\repository\com\amazonaws\aws-java-sdk-core\1.11.649\aws-java-sdk-core-1.11.649.jar;C:\Users\Allan Cruz\.m2\repository\commons-logging\commons-logging\1.1.3\commons-logging-1.1.3.jar;C:\Users\Allan Cruz\.m2\repository\org\apache\httpcomponents\httpclient\4.5.7\httpclient-4.5.7.jar;C:\Users\Allan Cruz\.m2\repository\org\apache\httpcomponents\httpcore\4.4.11\httpcore-4.4.11.jar;C:\Users\Allan Cruz\.m2\repository\commons-codec\commons-codec\1.11\commons-codec-1.11.jar;C:\Users\Allan Cruz\.m2\repository\software\amazon\ion\ion-java\1.0.2\ion-java-1.0.2.jar;C:\Users\Allan Cruz\.m2\repository\com\fasterxml\jackson\dataformat\jackson-dataformat-cbor\2.9.8\jackson-dataformat-cbor-2.9.8.jar;C:\Users\Allan Cruz\.m2\repository\joda-time\joda-time\2.10.1\joda-time-2.10.1.jar;C:\Users\Allan Cruz\.m2\repository\com\amazonaws\aws-java-sdk-models\1.11.649\aws-java-sdk-models-1.11.649.jar;C:\Users\Allan Cruz\.m2\repository\com\amazonaws\aws-java-sdk-swf-libraries\1.11.22\aws-java-sdk-swf-libraries-1.11.22.jar;C:\Users\Allan Cruz\.m2\repository\commons-io\commons-io\2.6\commons-io-2.6.jar;C:\Users\Allan Cruz\.m2\repository\org\imgscalr\imgscalr-lib\4.2\imgscalr-lib-4.2.jar;"/>
    <property name="java.vm.vendor" value="Oracle Corporation"/>
    <property name="sun.arch.data.model" value="64"/>
    <property name="user.variant" value=""/>
    <property name="java.vendor.url" value="http://java.oracle.com/"/>
    <property name="user.timezone" value="America/Bahia"/>
    <property name="java.vm.specification.version" value="1.8"/>
    <property name="os.name" value="Windows 10"/>
    <property name="user.country" value="BR"/>
    <property name="sun.java.launcher" value="SUN_STANDARD"/>
    <property name="sun.boot.library.path" value="C:\Program Files\Java\jdk1.8.0_181\jre\bin"/>
    <property name="sun.java.command" value="C:\Users\ALLANC~1\AppData\Local\Temp\surefire4816235963851649760\surefirebooter508015755032439986.jar C:\Users\Allan Cruz\AppData\Local\Temp\surefire4816235963851649760 2019-10-09T21-30-27_115-jvmRun1 surefire9168543187484120283tmp surefire_02070228020319031147tmp"/>
    <property name="surefire.test.class.path" value="D:\Ambiente_Desenvolvimento\WORKSPACES\WORKSPACE_CURSO_IONIC_BACKEND\ws\cursomc\target\test-classes;D:\Ambiente_Desenvolvimento\WORKSPACES\WORKSPACE_CURSO_IONIC_BACKEND\ws\cursomc\target\classes;C:\Users\Allan Cruz\.m2\repository\org\springframework\boot\spring-boot-starter-web\2.1.3.RELEASE\spring-boot-starter-web-2.1.3.RELEASE.jar;C:\Users\Allan Cruz\.m2\repository\org\springframework\boot\spring-boot-starter\2.1.3.RELEASE\spring-boot-starter-2.1.3.RELEASE.jar;C:\Users\Allan Cruz\.m2\repository\org\springframework\boot\spring-boot-starter-logging\2.1.3.RELEASE\spring-boot-starter-logging-2.1.3.RELEASE.jar;C:\Users\Allan Cruz\.m2\repository\ch\qos\logback\logback-classic\1.2.3\logback-classic-1.2.3.jar;C:\Users\Allan Cruz\.m2\repository\ch\qos\logback\logback-core\1.2.3\logback-core-1.2.3.jar;C:\Users\Allan Cruz\.m2\repository\org\apache\logging\log4j\log4j-to-slf4j\2.11.2\log4j-to-slf4j-2.11.2.jar;C:\Users\Allan Cruz\.m2\repository\org\apache\logging\log4j\log4j-api\2.11.2\log4j-api-2.11.2.jar;C:\Users\Allan Cruz\.m2\repository\org\slf4j\jul-to-slf4j\1.7.25\jul-to-slf4j-1.7.25.jar;C:\Users\Allan Cruz\.m2\repository\javax\annotation\javax.annotation-api\1.3.2\javax.annotation-api-1.3.2.jar;C:\Users\Allan Cruz\.m2\repository\org\yaml\snakeyaml\1.23\snakeyaml-1.23.jar;C:\Users\Allan Cruz\.m2\repository\org\springframework\boot\spring-boot-starter-json\2.1.3.RELEASE\spring-boot-starter-json-2.1.3.RELEASE.jar;C:\Users\Allan Cruz\.m2\repository\com\fasterxml\jackson\datatype\jackson-datatype-jdk8\2.9.8\jackson-datatype-jdk8-2.9.8.jar;C:\Users\Allan Cruz\.m2\repository\com\fasterxml\jackson\datatype\jackson-datatype-jsr310\2.9.8\jackson-datatype-jsr310-2.9.8.jar;C:\Users\Allan Cruz\.m2\repository\com\fasterxml\jackson\module\jackson-module-parameter-names\2.9.8\jackson-module-parameter-names-2.9.8.jar;C:\Users\Allan Cruz\.m2\repository\org\springframework\boot\spring-boot-starter-tomcat\2.1.3.RELEASE\spring-boot-starter-tomcat-2.1.3.RELEASE.jar;C:\Users\Allan Cruz\.m2\repository\org\apache\tomcat\embed\tomcat-embed-core\9.0.16\tomcat-embed-core-9.0.16.jar;C:\Users\Allan Cruz\.m2\repository\org\apache\tomcat\embed\tomcat-embed-el\9.0.16\tomcat-embed-el-9.0.16.jar;C:\Users\Allan Cruz\.m2\repository\org\apache\tomcat\embed\tomcat-embed-websocket\9.0.16\tomcat-embed-websocket-9.0.16.jar;C:\Users\Allan Cruz\.m2\repository\org\hibernate\validator\hibernate-validator\6.0.14.Final\hibernate-validator-6.0.14.Final.jar;C:\Users\Allan Cruz\.m2\repository\javax\validation\validation-api\2.0.1.Final\validation-api-2.0.1.Final.jar;C:\Users\Allan Cruz\.m2\repository\org\jboss\logging\jboss-logging\3.3.2.Final\jboss-logging-3.3.2.Final.jar;C:\Users\Allan Cruz\.m2\repository\com\fasterxml\classmate\1.4.0\classmate-1.4.0.jar;C:\Users\Allan Cruz\.m2\repository\org\springframework\spring-web\5.1.5.RELEASE\spring-web-5.1.5.RELEASE.jar;C:\Users\Allan Cruz\.m2\repository\org\springframework\spring-beans\5.1.5.RELEASE\spring-beans-5.1.5.RELEASE.jar;C:\Users\Allan Cruz\.m2\repository\org\springframework\spring-webmvc\5.1.5.RELEASE\spring-webmvc-5.1.5.RELEASE.jar;C:\Users\Allan Cruz\.m2\repository\org\springframework\spring-context\5.1.5.RELEASE\spring-context-5.1.5.RELEASE.jar;C:\Users\Allan Cruz\.m2\repository\org\springframework\spring-expression\5.1.5.RELEASE\spring-expression-5.1.5.RELEASE.jar;C:\Users\Allan Cruz\.m2\repository\org\springframework\boot\spring-boot-starter-test\2.1.3.RELEASE\spring-boot-starter-test-2.1.3.RELEASE.jar;C:\Users\Allan Cruz\.m2\repository\org\springframework\boot\spring-boot-test\2.1.3.RELEASE\spring-boot-test-2.1.3.RELEASE.jar;C:\Users\Allan Cruz\.m2\repository\org\springframework\boot\spring-boot-test-autoconfigure\2.1.3.RELEASE\spring-boot-test-autoconfigure-2.1.3.RELEASE.jar;C:\Users\Allan Cruz\.m2\repository\com\jayway\jsonpath\json-path\2.4.0\json-path-2.4.0.jar;C:\Users\Allan Cruz\.m2\repository\net\minidev\json-smart\2.3\json-smart-2.3.jar;C:\Users\Allan Cruz\.m2\repository\net\minidev\accessors-smart\1.2\accessors-smart-1.2.jar;C:\Users\Allan Cruz\.m2\repository\org\ow2\asm\asm\5.0.4\asm-5.0.4.jar;C:\Users\Allan Cruz\.m2\repository\org\slf4j\slf4j-api\1.7.25\slf4j-api-1.7.25.jar;C:\Users\Allan Cruz\.m2\repository\junit\junit\4.12\junit-4.12.jar;C:\Users\Allan Cruz\.m2\repository\org\assertj\assertj-core\3.11.1\assertj-core-3.11.1.jar;C:\Users\Allan Cruz\.m2\repository\org\mockito\mockito-core\2.23.4\mockito-core-2.23.4.jar;C:\Users\Allan Cruz\.m2\repository\net\bytebuddy\byte-buddy\1.9.10\byte-buddy-1.9.10.jar;C:\Users\Allan Cruz\.m2\repository\net\bytebuddy\byte-buddy-agent\1.9.10\byte-buddy-agent-1.9.10.jar;C:\Users\Allan Cruz\.m2\repository\org\objenesis\objenesis\2.6\objenesis-2.6.jar;C:\Users\Allan Cruz\.m2\repository\org\hamcrest\hamcrest-core\1.3\hamcrest-core-1.3.jar;C:\Users\Allan Cruz\.m2\repository\org\hamcrest\hamcrest-library\1.3\hamcrest-library-1.3.jar;C:\Users\Allan Cruz\.m2\repository\org\skyscreamer\jsonassert\1.5.0\jsonassert-1.5.0.jar;C:\Users\Allan Cruz\.m2\repository\com\vaadin\external\google\android-json\0.0.20131108.vaadin1\android-json-0.0.20131108.vaadin1.jar;C:\Users\Allan Cruz\.m2\repository\org\springframework\spring-core\5.1.5.RELEASE\spring-core-5.1.5.RELEASE.jar;C:\Users\Allan Cruz\.m2\repository\org\springframework\spring-jcl\5.1.5.RELEASE\spring-jcl-5.1.5.RELEASE.jar;C:\Users\Allan Cruz\.m2\repository\org\springframework\spring-test\5.1.5.RELEASE\spring-test-5.1.5.RELEASE.jar;C:\Users\Allan Cruz\.m2\repository\org\xmlunit\xmlunit-core\2.6.2\xmlunit-core-2.6.2.jar;C:\Users\Allan Cruz\.m2\repository\org\springframework\boot\spring-boot-starter-data-jpa\2.1.3.RELEASE\spring-boot-starter-data-jpa-2.1.3.RELEASE.jar;C:\Users\Allan Cruz\.m2\repository\org\springframework\boot\spring-boot-starter-aop\2.1.3.RELEASE\spring-boot-starter-aop-2.1.3.RELEASE.jar;C:\Users\Allan Cruz\.m2\repository\org\aspectj\aspectjweaver\1.9.2\aspectjweaver-1.9.2.jar;C:\Users\Allan Cruz\.m2\repository\org\springframework\boot\spring-boot-starter-jdbc\2.1.3.RELEASE\spring-boot-starter-jdbc-2.1.3.RELEASE.jar;C:\Users\Allan Cruz\.m2\repository\com\zaxxer\HikariCP\3.2.0\HikariCP-3.2.0.jar;C:\Users\Allan Cruz\.m2\repository\org\springframework\spring-jdbc\5.1.5.RELEASE\spring-jdbc-5.1.5.RELEASE.jar;C:\Users\Allan Cruz\.m2\repository\javax\transaction\javax.transaction-api\1.3\javax.transaction-api-1.3.jar;C:\Users\Allan Cruz\.m2\repository\javax\xml\bind\jaxb-api\2.3.1\jaxb-api-2.3.1.jar;C:\Users\Allan Cruz\.m2\repository\javax\activation\javax.activation-api\1.2.0\javax.activation-api-1.2.0.jar;C:\Users\Allan Cruz\.m2\repository\org\hibernate\hibernate-core\5.3.7.Final\hibernate-core-5.3.7.Final.jar;C:\Users\Allan Cruz\.m2\repository\javax\persistence\javax.persistence-api\2.2\javax.persistence-api-2.2.jar;C:\Users\Allan Cruz\.m2\repository\org\javassist\javassist\3.23.1-GA\javassist-3.23.1-GA.jar;C:\Users\Allan Cruz\.m2\repository\antlr\antlr\2.7.7\antlr-2.7.7.jar;C:\Users\Allan Cruz\.m2\repository\org\jboss\jandex\2.0.5.Final\jandex-2.0.5.Final.jar;C:\Users\Allan Cruz\.m2\repository\org\dom4j\dom4j\2.1.1\dom4j-2.1.1.jar;C:\Users\Allan Cruz\.m2\repository\org\hibernate\common\hibernate-commons-annotations\5.0.4.Final\hibernate-commons-annotations-5.0.4.Final.jar;C:\Users\Allan Cruz\.m2\repository\org\springframework\data\spring-data-jpa\2.1.5.RELEASE\spring-data-jpa-2.1.5.RELEASE.jar;C:\Users\Allan Cruz\.m2\repository\org\springframework\data\spring-data-commons\2.1.5.RELEASE\spring-data-commons-2.1.5.RELEASE.jar;C:\Users\Allan Cruz\.m2\repository\org\springframework\spring-orm\5.1.5.RELEASE\spring-orm-5.1.5.RELEASE.jar;C:\Users\Allan Cruz\.m2\repository\org\springframework\spring-tx\5.1.5.RELEASE\spring-tx-5.1.5.RELEASE.jar;C:\Users\Allan Cruz\.m2\repository\org\springframework\spring-aspects\5.1.5.RELEASE\spring-aspects-5.1.5.RELEASE.jar;C:\Users\Allan Cruz\.m2\repository\com\h2database\h2\1.4.197\h2-1.4.197.jar;C:\Users\Allan Cruz\.m2\repository\org\springframework\boot\spring-boot-devtools\2.1.3.RELEASE\spring-boot-devtools-2.1.3.RELEASE.jar;C:\Users\Allan Cruz\.m2\repository\org\springframework\boot\spring-boot\2.1.3.RELEASE\spring-boot-2.1.3.RELEASE.jar;C:\Users\Allan Cruz\.m2\repository\org\springframework\boot\spring-boot-autoconfigure\2.1.3.RELEASE\spring-boot-autoconfigure-2.1.3.RELEASE.jar;C:\Users\Allan Cruz\.m2\repository\mysql\mysql-connector-java\8.0.15\mysql-connector-java-8.0.15.jar;C:\Users\Allan Cruz\.m2\repository\org\springframework\boot\spring-boot-starter-mail\2.1.3.RELEASE\spring-boot-starter-mail-2.1.3.RELEASE.jar;C:\Users\Allan Cruz\.m2\repository\org\springframework\spring-context-support\5.1.5.RELEASE\spring-context-support-5.1.5.RELEASE.jar;C:\Users\Allan Cruz\.m2\repository\com\sun\mail\javax.mail\1.6.2\javax.mail-1.6.2.jar;C:\Users\Allan Cruz\.m2\repository\javax\activation\activation\1.1\activation-1.1.jar;C:\Users\Allan Cruz\.m2\repository\org\springframework\boot\spring-boot-starter-thymeleaf\2.1.3.RELEASE\spring-boot-starter-thymeleaf-2.1.3.RELEASE.jar;C:\Users\Allan Cruz\.m2\repository\org\thymeleaf\thymeleaf-spring5\3.0.11.RELEASE\thymeleaf-spring5-3.0.11.RELEASE.jar;C:\Users\Allan Cruz\.m2\repository\org\thymeleaf\thymeleaf\3.0.11.RELEASE\thymeleaf-3.0.11.RELEASE.jar;C:\Users\Allan Cruz\.m2\repository\org\attoparser\attoparser\2.0.5.RELEASE\attoparser-2.0.5.RELEASE.jar;C:\Users\Allan Cruz\.m2\repository\org\unbescape\unbescape\1.1.6.RELEASE\unbescape-1.1.6.RELEASE.jar;C:\Users\Allan Cruz\.m2\repository\org\thymeleaf\extras\thymeleaf-extras-java8time\3.0.3.RELEASE\thymeleaf-extras-java8time-3.0.3.RELEASE.jar;C:\Users\Allan Cruz\.m2\repository\org\springframework\boot\spring-boot-starter-security\2.1.3.RELEASE\spring-boot-starter-security-2.1.3.RELEASE.jar;C:\Users\Allan Cruz\.m2\repository\org\springframework\spring-aop\5.1.5.RELEASE\spring-aop-5.1.5.RELEASE.jar;C:\Users\Allan Cruz\.m2\repository\org\springframework\security\spring-security-config\5.1.4.RELEASE\spring-security-config-5.1.4.RELEASE.jar;C:\Users\Allan Cruz\.m2\repository\org\springframework\security\spring-security-core\5.1.4.RELEASE\spring-security-core-5.1.4.RELEASE.jar;C:\Users\Allan Cruz\.m2\repository\org\springframework\security\spring-security-web\5.1.4.RELEASE\spring-security-web-5.1.4.RELEASE.jar;C:\Users\Allan Cruz\.m2\repository\io\jsonwebtoken\jjwt\0.7.0\jjwt-0.7.0.jar;C:\Users\Allan Cruz\.m2\repository\com\fasterxml\jackson\core\jackson-databind\2.9.8\jackson-databind-2.9.8.jar;C:\Users\Allan Cruz\.m2\repository\com\fasterxml\jackson\core\jackson-annotations\2.9.0\jackson-annotations-2.9.0.jar;C:\Users\Allan Cruz\.m2\repository\com\fasterxml\jackson\core\jackson-core\2.9.8\jackson-core-2.9.8.jar;C:\Users\Allan Cruz\.m2\repository\com\amazonaws\aws-java-sdk\1.11.649\aws-java-sdk-1.11.649.jar;C:\Users\Allan Cruz\.m2\repository\com\amazonaws\aws-java-sdk-workmailmessageflow\1.11.649\aws-java-sdk-workmailmessageflow-1.11.649.jar;C:\Users\Allan Cruz\.m2\repository\com\amazonaws\jmespath-java\1.11.649\jmespath-java-1.11.649.jar;C:\Users\Allan Cruz\.m2\repository\com\amazonaws\aws-java-sdk-qldbsession\1.11.649\aws-java-sdk-qldbsession-1.11.649.jar;C:\Users\Allan Cruz\.m2\repository\com\amazonaws\aws-java-sdk-qldb\1.11.649\aws-java-sdk-qldb-1.11.649.jar;C:\Users\Allan Cruz\.m2\repository\com\amazonaws\aws-java-sdk-forecastquery\1.11.649\aws-java-sdk-forecastquery-1.11.649.jar;C:\Users\Allan Cruz\.m2\repository\com\amazonaws\aws-java-sdk-forecast\1.11.649\aws-java-sdk-forecast-1.11.649.jar;C:\Users\Allan Cruz\.m2\repository\com\amazonaws\aws-java-sdk-lakeformation\1.11.649\aws-java-sdk-lakeformation-1.11.649.jar;C:\Users\Allan Cruz\.m2\repository\com\amazonaws\aws-java-sdk-eventbridge\1.11.649\aws-java-sdk-eventbridge-1.11.649.jar;C:\Users\Allan Cruz\.m2\repository\com\amazonaws\aws-java-sdk-ec2instanceconnect\1.11.649\aws-java-sdk-ec2instanceconnect-1.11.649.jar;C:\Users\Allan Cruz\.m2\repository\com\amazonaws\aws-java-sdk-applicationinsights\1.11.649\aws-java-sdk-applicationinsights-1.11.649.jar;C:\Users\Allan Cruz\.m2\repository\com\amazonaws\aws-java-sdk-servicequotas\1.11.649\aws-java-sdk-servicequotas-1.11.649.jar;C:\Users\Allan Cruz\.m2\repository\com\amazonaws\aws-java-sdk-personalizeevents\1.11.649\aws-java-sdk-personalizeevents-1.11.649.jar;C:\Users\Allan Cruz\.m2\repository\com\amazonaws\aws-java-sdk-personalize\1.11.649\aws-java-sdk-personalize-1.11.649.jar;C:\Users\Allan Cruz\.m2\repository\com\amazonaws\aws-java-sdk-personalizeruntime\1.11.649\aws-java-sdk-personalizeruntime-1.11.649.jar;C:\Users\Allan Cruz\.m2\repository\com\amazonaws\aws-java-sdk-ioteventsdata\1.11.649\aws-java-sdk-ioteventsdata-1.11.649.jar;C:\Users\Allan Cruz\.m2\repository\com\amazonaws\aws-java-sdk-iotevents\1.11.649\aws-java-sdk-iotevents-1.11.649.jar;C:\Users\Allan Cruz\.m2\repository\com\amazonaws\aws-java-sdk-iotthingsgraph\1.11.649\aws-java-sdk-iotthingsgraph-1.11.649.jar;C:\Users\Allan Cruz\.m2\repository\com\amazonaws\aws-java-sdk-groundstation\1.11.649\aws-java-sdk-groundstation-1.11.649.jar;C:\Users\Allan Cruz\.m2\repository\com\amazonaws\aws-java-sdk-mediapackagevod\1.11.649\aws-java-sdk-mediapackagevod-1.11.649.jar;C:\Users\Allan Cruz\.m2\repository\com\amazonaws\aws-java-sdk-managedblockchain\1.11.649\aws-java-sdk-managedblockchain-1.11.649.jar;C:\Users\Allan Cruz\.m2\repository\com\amazonaws\aws-java-sdk-textract\1.11.649\aws-java-sdk-textract-1.11.649.jar;C:\Users\Allan Cruz\.m2\repository\com\amazonaws\aws-java-sdk-worklink\1.11.649\aws-java-sdk-worklink-1.11.649.jar;C:\Users\Allan Cruz\.m2\repository\com\amazonaws\aws-java-sdk-backup\1.11.649\aws-java-sdk-backup-1.11.649.jar;C:\Users\Allan Cruz\.m2\repository\com\amazonaws\aws-java-sdk-docdb\1.11.649\aws-java-sdk-docdb-1.11.649.jar;C:\Users\Allan Cruz\.m2\repository\com\amazonaws\aws-java-sdk-apigatewayv2\1.11.649\aws-java-sdk-apigatewayv2-1.11.649.jar;C:\Users\Allan Cruz\.m2\repository\com\amazonaws\aws-java-sdk-apigatewaymanagementapi\1.11.649\aws-java-sdk-apigatewaymanagementapi-1.11.649.jar;C:\Users\Allan Cruz\.m2\repository\com\amazonaws\aws-java-sdk-kafka\1.11.649\aws-java-sdk-kafka-1.11.649.jar;C:\Users\Allan Cruz\.m2\repository\com\amazonaws\aws-java-sdk-appmesh\1.11.649\aws-java-sdk-appmesh-1.11.649.jar;C:\Users\Allan Cruz\.m2\repository\com\amazonaws\aws-java-sdk-licensemanager\1.11.649\aws-java-sdk-licensemanager-1.11.649.jar;C:\Users\Allan Cruz\.m2\repository\com\amazonaws\aws-java-sdk-securityhub\1.11.649\aws-java-sdk-securityhub-1.11.649.jar;C:\Users\Allan Cruz\.m2\repository\com\amazonaws\aws-java-sdk-fsx\1.11.649\aws-java-sdk-fsx-1.11.649.jar;C:\Users\Allan Cruz\.m2\repository\com\amazonaws\aws-java-sdk-mediaconnect\1.11.649\aws-java-sdk-mediaconnect-1.11.649.jar;C:\Users\Allan Cruz\.m2\repository\com\amazonaws\aws-java-sdk-kinesisanalyticsv2\1.11.649\aws-java-sdk-kinesisanalyticsv2-1.11.649.jar;C:\Users\Allan Cruz\.m2\repository\com\amazonaws\aws-java-sdk-comprehendmedical\1.11.649\aws-java-sdk-comprehendmedical-1.11.649.jar;C:\Users\Allan Cruz\.m2\repository\com\amazonaws\aws-java-sdk-globalaccelerator\1.11.649\aws-java-sdk-globalaccelerator-1.11.649.jar;C:\Users\Allan Cruz\.m2\repository\com\amazonaws\aws-java-sdk-transfer\1.11.649\aws-java-sdk-transfer-1.11.649.jar;C:\Users\Allan Cruz\.m2\repository\com\amazonaws\aws-java-sdk-datasync\1.11.649\aws-java-sdk-datasync-1.11.649.jar;C:\Users\Allan Cruz\.m2\repository\com\amazonaws\aws-java-sdk-robomaker\1.11.649\aws-java-sdk-robomaker-1.11.649.jar;C:\Users\Allan Cruz\.m2\repository\com\amazonaws\aws-java-sdk-amplify\1.11.649\aws-java-sdk-amplify-1.11.649.jar;C:\Users\Allan Cruz\.m2\repository\com\amazonaws\aws-java-sdk-quicksight\1.11.649\aws-java-sdk-quicksight-1.11.649.jar;C:\Users\Allan Cruz\.m2\repository\com\amazonaws\aws-java-sdk-rdsdata\1.11.649\aws-java-sdk-rdsdata-1.11.649.jar;C:\Users\Allan Cruz\.m2\repository\com\amazonaws\aws-java-sdk-route53resolver\1.11.649\aws-java-sdk-route53resolver-1.11.649.jar;C:\Users\Allan Cruz\.m2\repository\com\amazonaws\aws-java-sdk-ram\1.11.649\aws-java-sdk-ram-1.11.649.jar;C:\Users\Allan Cruz\.m2\repository\com\amazonaws\aws-java-sdk-s3control\1.11.649\aws-java-sdk-s3control-1.11.649.jar;C:\Users\Allan Cruz\.m2\repository\com\amazonaws\aws-java-sdk-pinpointsmsvoice\1.11.649\aws-java-sdk-pinpointsmsvoice-1.11.649.jar;C:\Users\Allan Cruz\.m2\repository\com\amazonaws\aws-java-sdk-pinpointemail\1.11.649\aws-java-sdk-pinpointemail-1.11.649.jar;C:\Users\Allan Cruz\.m2\repository\com\amazonaws\aws-java-sdk-chime\1.11.649\aws-java-sdk-chime-1.11.649.jar;C:\Users\Allan Cruz\.m2\repository\com\amazonaws\aws-java-sdk-signer\1.11.649\aws-java-sdk-signer-1.11.649.jar;C:\Users\Allan Cruz\.m2\repository\com\amazonaws\aws-java-sdk-dlm\1.11.649\aws-java-sdk-dlm-1.11.649.jar;C:\Users\Allan Cruz\.m2\repository\com\amazonaws\aws-java-sdk-macie\1.11.649\aws-java-sdk-macie-1.11.649.jar;C:\Users\Allan Cruz\.m2\repository\com\amazonaws\aws-java-sdk-eks\1.11.649\aws-java-sdk-eks-1.11.649.jar;C:\Users\Allan Cruz\.m2\repository\com\amazonaws\aws-java-sdk-mediatailor\1.11.649\aws-java-sdk-mediatailor-1.11.649.jar;C:\Users\Allan Cruz\.m2\repository\com\amazonaws\aws-java-sdk-neptune\1.11.649\aws-java-sdk-neptune-1.11.649.jar;C:\Users\Allan Cruz\.m2\repository\com\amazonaws\aws-java-sdk-pi\1.11.649\aws-java-sdk-pi-1.11.649.jar;C:\Users\Allan Cruz\.m2\repository\com\amazonaws\aws-java-sdk-iot1clickprojects\1.11.649\aws-java-sdk-iot1clickprojects-1.11.649.jar;C:\Users\Allan Cruz\.m2\repository\com\amazonaws\aws-java-sdk-iot1clickdevices\1.11.649\aws-java-sdk-iot1clickdevices-1.11.649.jar;C:\Users\Allan Cruz\.m2\repository\com\amazonaws\aws-java-sdk-iotanalytics\1.11.649\aws-java-sdk-iotanalytics-1.11.649.jar;C:\Users\Allan Cruz\.m2\repository\com\amazonaws\aws-java-sdk-acmpca\1.11.649\aws-java-sdk-acmpca-1.11.649.jar;C:\Users\Allan Cruz\.m2\repository\com\amazonaws\aws-java-sdk-secretsmanager\1.11.649\aws-java-sdk-secretsmanager-1.11.649.jar;C:\Users\Allan Cruz\.m2\repository\com\amazonaws\aws-java-sdk-fms\1.11.649\aws-java-sdk-fms-1.11.649.jar;C:\Users\Allan Cruz\.m2\repository\com\amazonaws\aws-java-sdk-connect\1.11.649\aws-java-sdk-connect-1.11.649.jar;C:\Users\Allan Cruz\.m2\repository\com\amazonaws\aws-java-sdk-transcribe\1.11.649\aws-java-sdk-transcribe-1.11.649.jar;C:\Users\Allan Cruz\.m2\repository\com\amazonaws\aws-java-sdk-autoscalingplans\1.11.649\aws-java-sdk-autoscalingplans-1.11.649.jar;C:\Users\Allan Cruz\.m2\repository\com\amazonaws\aws-java-sdk-workmail\1.11.649\aws-java-sdk-workmail-1.11.649.jar;C:\Users\Allan Cruz\.m2\repository\com\amazonaws\aws-java-sdk-servicediscovery\1.11.649\aws-java-sdk-servicediscovery-1.11.649.jar;C:\Users\Allan Cruz\.m2\repository\com\amazonaws\aws-java-sdk-cloud9\1.11.649\aws-java-sdk-cloud9-1.11.649.jar;C:\Users\Allan Cruz\.m2\repository\com\amazonaws\aws-java-sdk-serverlessapplicationrepository\1.11.649\aws-java-sdk-serverlessapplicationrepository-1.11.649.jar;C:\Users\Allan Cruz\.m2\repository\com\amazonaws\aws-java-sdk-alexaforbusiness\1.11.649\aws-java-sdk-alexaforbusiness-1.11.649.jar;C:\Users\Allan Cruz\.m2\repository\com\amazonaws\aws-java-sdk-resourcegroups\1.11.649\aws-java-sdk-resourcegroups-1.11.649.jar;C:\Users\Allan Cruz\.m2\repository\com\amazonaws\aws-java-sdk-comprehend\1.11.649\aws-java-sdk-comprehend-1.11.649.jar;C:\Users\Allan Cruz\.m2\repository\com\amazonaws\aws-java-sdk-translate\1.11.649\aws-java-sdk-translate-1.11.649.jar;C:\Users\Allan Cruz\.m2\repository\com\amazonaws\aws-java-sdk-sagemaker\1.11.649\aws-java-sdk-sagemaker-1.11.649.jar;C:\Users\Allan Cruz\.m2\repository\com\amazonaws\aws-java-sdk-iotjobsdataplane\1.11.649\aws-java-sdk-iotjobsdataplane-1.11.649.jar;C:\Users\Allan Cruz\.m2\repository\com\amazonaws\aws-java-sdk-sagemakerruntime\1.11.649\aws-java-sdk-sagemakerruntime-1.11.649.jar;C:\Users\Allan Cruz\.m2\repository\com\amazonaws\aws-java-sdk-kinesisvideo\1.11.649\aws-java-sdk-kinesisvideo-1.11.649.jar;C:\Users\Allan Cruz\.m2\repository\io\netty\netty-codec-http\4.1.33.Final\netty-codec-http-4.1.33.Final.jar;C:\Users\Allan Cruz\.m2\repository\io\netty\netty-common\4.1.33.Final\netty-common-4.1.33.Final.jar;C:\Users\Allan Cruz\.m2\repository\io\netty\netty-buffer\4.1.33.Final\netty-buffer-4.1.33.Final.jar;C:\Users\Allan Cruz\.m2\repository\io\netty\netty-transport\4.1.33.Final\netty-transport-4.1.33.Final.jar;C:\Users\Allan Cruz\.m2\repository\io\netty\netty-resolver\4.1.33.Final\netty-resolver-4.1.33.Final.jar;C:\Users\Allan Cruz\.m2\repository\io\netty\netty-codec\4.1.33.Final\netty-codec-4.1.33.Final.jar;C:\Users\Allan Cruz\.m2\repository\io\netty\netty-handler\4.1.33.Final\netty-handler-4.1.33.Final.jar;C:\Users\Allan Cruz\.m2\repository\com\amazonaws\aws-java-sdk-appsync\1.11.649\aws-java-sdk-appsync-1.11.649.jar;C:\Users\Allan Cruz\.m2\repository\com\amazonaws\aws-java-sdk-guardduty\1.11.649\aws-java-sdk-guardduty-1.11.649.jar;C:\Users\Allan Cruz\.m2\repository\com\amazonaws\aws-java-sdk-mq\1.11.649\aws-java-sdk-mq-1.11.649.jar;C:\Users\Allan Cruz\.m2\repository\com\amazonaws\aws-java-sdk-mediaconvert\1.11.649\aws-java-sdk-mediaconvert-1.11.649.jar;C:\Users\Allan Cruz\.m2\repository\com\amazonaws\aws-java-sdk-mediastore\1.11.649\aws-java-sdk-mediastore-1.11.649.jar;C:\Users\Allan Cruz\.m2\repository\com\amazonaws\aws-java-sdk-mediastoredata\1.11.649\aws-java-sdk-mediastoredata-1.11.649.jar;C:\Users\Allan Cruz\.m2\repository\com\amazonaws\aws-java-sdk-medialive\1.11.649\aws-java-sdk-medialive-1.11.649.jar;C:\Users\Allan Cruz\.m2\repository\com\amazonaws\aws-java-sdk-mediapackage\1.11.649\aws-java-sdk-mediapackage-1.11.649.jar;C:\Users\Allan Cruz\.m2\repository\com\amazonaws\aws-java-sdk-costexplorer\1.11.649\aws-java-sdk-costexplorer-1.11.649.jar;C:\Users\Allan Cruz\.m2\repository\com\amazonaws\aws-java-sdk-pricing\1.11.649\aws-java-sdk-pricing-1.11.649.jar;C:\Users\Allan Cruz\.m2\repository\com\amazonaws\aws-java-sdk-mobile\1.11.649\aws-java-sdk-mobile-1.11.649.jar;C:\Users\Allan Cruz\.m2\repository\com\amazonaws\aws-java-sdk-cloudhsmv2\1.11.649\aws-java-sdk-cloudhsmv2-1.11.649.jar;C:\Users\Allan Cruz\.m2\repository\com\amazonaws\aws-java-sdk-glue\1.11.649\aws-java-sdk-glue-1.11.649.jar;C:\Users\Allan Cruz\.m2\repository\com\amazonaws\aws-java-sdk-migrationhub\1.11.649\aws-java-sdk-migrationhub-1.11.649.jar;C:\Users\Allan Cruz\.m2\repository\com\amazonaws\aws-java-sdk-dax\1.11.649\aws-java-sdk-dax-1.11.649.jar;C:\Users\Allan Cruz\.m2\repository\com\amazonaws\aws-java-sdk-greengrass\1.11.649\aws-java-sdk-greengrass-1.11.649.jar;C:\Users\Allan Cruz\.m2\repository\com\amazonaws\aws-java-sdk-athena\1.11.649\aws-java-sdk-athena-1.11.649.jar;C:\Users\Allan Cruz\.m2\repository\com\amazonaws\aws-java-sdk-marketplaceentitlement\1.11.649\aws-java-sdk-marketplaceentitlement-1.11.649.jar;C:\Users\Allan Cruz\.m2\repository\com\amazonaws\aws-java-sdk-codestar\1.11.649\aws-java-sdk-codestar-1.11.649.jar;C:\Users\Allan Cruz\.m2\repository\com\amazonaws\aws-java-sdk-lexmodelbuilding\1.11.649\aws-java-sdk-lexmodelbuilding-1.11.649.jar;C:\Users\Allan Cruz\.m2\repository\com\amazonaws\aws-java-sdk-resourcegroupstaggingapi\1.11.649\aws-java-sdk-resourcegroupstaggingapi-1.11.649.jar;C:\Users\Allan Cruz\.m2\repository\com\amazonaws\aws-java-sdk-pinpoint\1.11.649\aws-java-sdk-pinpoint-1.11.649.jar;C:\Users\Allan Cruz\.m2\repository\com\amazonaws\aws-java-sdk-xray\1.11.649\aws-java-sdk-xray-1.11.649.jar;C:\Users\Allan Cruz\.m2\repository\com\amazonaws\aws-java-sdk-opsworkscm\1.11.649\aws-java-sdk-opsworkscm-1.11.649.jar;C:\Users\Allan Cruz\.m2\repository\com\amazonaws\aws-java-sdk-support\1.11.649\aws-java-sdk-support-1.11.649.jar;C:\Users\Allan Cruz\.m2\repository\com\amazonaws\aws-java-sdk-simpledb\1.11.649\aws-java-sdk-simpledb-1.11.649.jar;C:\Users\Allan Cruz\.m2\repository\com\amazonaws\aws-java-sdk-servicecatalog\1.11.649\aws-java-sdk-servicecatalog-1.11.649.jar;C:\Users\Allan Cruz\.m2\repository\com\amazonaws\aws-java-sdk-servermigration\1.11.649\aws-java-sdk-servermigration-1.11.649.jar;C:\Users\Allan Cruz\.m2\repository\com\amazonaws\aws-java-sdk-simpleworkflow\1.11.649\aws-java-sdk-simpleworkflow-1.11.649.jar;C:\Users\Allan Cruz\.m2\repository\com\amazonaws\aws-java-sdk-storagegateway\1.11.649\aws-java-sdk-storagegateway-1.11.649.jar;C:\Users\Allan Cruz\.m2\repository\com\amazonaws\aws-java-sdk-route53\1.11.649\aws-java-sdk-route53-1.11.649.jar;C:\Users\Allan Cruz\.m2\repository\com\amazonaws\aws-java-sdk-s3\1.11.649\aws-java-sdk-s3-1.11.649.jar;C:\Users\Allan Cruz\.m2\repository\com\amazonaws\aws-java-sdk-importexport\1.11.649\aws-java-sdk-importexport-1.11.649.jar;C:\Users\Allan Cruz\.m2\repository\com\amazonaws\aws-java-sdk-sts\1.11.649\aws-java-sdk-sts-1.11.649.jar;C:\Users\Allan Cruz\.m2\repository\com\amazonaws\aws-java-sdk-sqs\1.11.649\aws-java-sdk-sqs-1.11.649.jar;C:\Users\Allan Cruz\.m2\repository\com\amazonaws\aws-java-sdk-rds\1.11.649\aws-java-sdk-rds-1.11.649.jar;C:\Users\Allan Cruz\.m2\repository\com\amazonaws\aws-java-sdk-redshift\1.11.649\aws-java-sdk-redshift-1.11.649.jar;C:\Users\Allan Cruz\.m2\repository\com\amazonaws\aws-java-sdk-elasticbeanstalk\1.11.649\aws-java-sdk-elasticbeanstalk-1.11.649.jar;C:\Users\Allan Cruz\.m2\repository\com\amazonaws\aws-java-sdk-glacier\1.11.649\aws-java-sdk-glacier-1.11.649.jar;C:\Users\Allan Cruz\.m2\repository\com\amazonaws\aws-java-sdk-iam\1.11.649\aws-java-sdk-iam-1.11.649.jar;C:\Users\Allan Cruz\.m2\repository\com\amazonaws\aws-java-sdk-datapipeline\1.11.649\aws-java-sdk-datapipeline-1.11.649.jar;C:\Users\Allan Cruz\.m2\repository\com\amazonaws\aws-java-sdk-elasticloadbalancing\1.11.649\aws-java-sdk-elasticloadbalancing-1.11.649.jar;C:\Users\Allan Cruz\.m2\repository\com\amazonaws\aws-java-sdk-elasticloadbalancingv2\1.11.649\aws-java-sdk-elasticloadbalancingv2-1.11.649.jar;C:\Users\Allan Cruz\.m2\repository\com\amazonaws\aws-java-sdk-emr\1.11.649\aws-java-sdk-emr-1.11.649.jar;C:\Users\Allan Cruz\.m2\repository\com\amazonaws\aws-java-sdk-elasticache\1.11.649\aws-java-sdk-elasticache-1.11.649.jar;C:\Users\Allan Cruz\.m2\repository\com\amazonaws\aws-java-sdk-elastictranscoder\1.11.649\aws-java-sdk-elastictranscoder-1.11.649.jar;C:\Users\Allan Cruz\.m2\repository\com\amazonaws\aws-java-sdk-ec2\1.11.649\aws-java-sdk-ec2-1.11.649.jar;C:\Users\Allan Cruz\.m2\repository\com\amazonaws\aws-java-sdk-dynamodb\1.11.649\aws-java-sdk-dynamodb-1.11.649.jar;C:\Users\Allan Cruz\.m2\repository\com\amazonaws\aws-java-sdk-sns\1.11.649\aws-java-sdk-sns-1.11.649.jar;C:\Users\Allan Cruz\.m2\repository\com\amazonaws\aws-java-sdk-budgets\1.11.649\aws-java-sdk-budgets-1.11.649.jar;C:\Users\Allan Cruz\.m2\repository\com\amazonaws\aws-java-sdk-cloudtrail\1.11.649\aws-java-sdk-cloudtrail-1.11.649.jar;C:\Users\Allan Cruz\.m2\repository\com\amazonaws\aws-java-sdk-cloudwatch\1.11.649\aws-java-sdk-cloudwatch-1.11.649.jar;C:\Users\Allan Cruz\.m2\repository\com\amazonaws\aws-java-sdk-logs\1.11.649\aws-java-sdk-logs-1.11.649.jar;C:\Users\Allan Cruz\.m2\repository\com\amazonaws\aws-java-sdk-events\1.11.649\aws-java-sdk-events-1.11.649.jar;C:\Users\Allan Cruz\.m2\repository\com\amazonaws\aws-java-sdk-cognitoidentity\1.11.649\aws-java-sdk-cognitoidentity-1.11.649.jar;C:\Users\Allan Cruz\.m2\repository\com\amazonaws\aws-java-sdk-cognitosync\1.11.649\aws-java-sdk-cognitosync-1.11.649.jar;C:\Users\Allan Cruz\.m2\repository\com\amazonaws\aws-java-sdk-directconnect\1.11.649\aws-java-sdk-directconnect-1.11.649.jar;C:\Users\Allan Cruz\.m2\repository\com\amazonaws\aws-java-sdk-cloudformation\1.11.649\aws-java-sdk-cloudformation-1.11.649.jar;C:\Users\Allan Cruz\.m2\repository\com\amazonaws\aws-java-sdk-cloudfront\1.11.649\aws-java-sdk-cloudfront-1.11.649.jar;C:\Users\Allan Cruz\.m2\repository\com\amazonaws\aws-java-sdk-clouddirectory\1.11.649\aws-java-sdk-clouddirectory-1.11.649.jar;C:\Users\Allan Cruz\.m2\repository\com\amazonaws\aws-java-sdk-kinesis\1.11.649\aws-java-sdk-kinesis-1.11.649.jar;C:\Users\Allan Cruz\.m2\repository\com\amazonaws\aws-java-sdk-opsworks\1.11.649\aws-java-sdk-opsworks-1.11.649.jar;C:\Users\Allan Cruz\.m2\repository\com\amazonaws\aws-java-sdk-ses\1.11.649\aws-java-sdk-ses-1.11.649.jar;C:\Users\Allan Cruz\.m2\repository\com\amazonaws\aws-java-sdk-autoscaling\1.11.649\aws-java-sdk-autoscaling-1.11.649.jar;C:\Users\Allan Cruz\.m2\repository\com\amazonaws\aws-java-sdk-cloudsearch\1.11.649\aws-java-sdk-cloudsearch-1.11.649.jar;C:\Users\Allan Cruz\.m2\repository\com\amazonaws\aws-java-sdk-cloudwatchmetrics\1.11.649\aws-java-sdk-cloudwatchmetrics-1.11.649.jar;C:\Users\Allan Cruz\.m2\repository\com\amazonaws\aws-java-sdk-codedeploy\1.11.649\aws-java-sdk-codedeploy-1.11.649.jar;C:\Users\Allan Cruz\.m2\repository\com\amazonaws\aws-java-sdk-codepipeline\1.11.649\aws-java-sdk-codepipeline-1.11.649.jar;C:\Users\Allan Cruz\.m2\repository\com\amazonaws\aws-java-sdk-kms\1.11.649\aws-java-sdk-kms-1.11.649.jar;C:\Users\Allan Cruz\.m2\repository\com\amazonaws\aws-java-sdk-config\1.11.649\aws-java-sdk-config-1.11.649.jar;C:\Users\Allan Cruz\.m2\repository\com\amazonaws\aws-java-sdk-lambda\1.11.649\aws-java-sdk-lambda-1.11.649.jar;C:\Users\Allan Cruz\.m2\repository\com\amazonaws\aws-java-sdk-ecs\1.11.649\aws-java-sdk-ecs-1.11.649.jar;C:\Users\Allan Cruz\.m2\repository\com\amazonaws\aws-java-sdk-ecr\1.11.649\aws-java-sdk-ecr-1.11.649.jar;C:\Users\Allan Cruz\.m2\repository\com\amazonaws\aws-java-sdk-cloudhsm\1.11.649\aws-java-sdk-cloudhsm-1.11.649.jar;C:\Users\Allan Cruz\.m2\repository\com\amazonaws\aws-java-sdk-ssm\1.11.649\aws-java-sdk-ssm-1.11.649.jar;C:\Users\Allan Cruz\.m2\repository\com\amazonaws\aws-java-sdk-workspaces\1.11.649\aws-java-sdk-workspaces-1.11.649.jar;C:\Users\Allan Cruz\.m2\repository\com\amazonaws\aws-java-sdk-machinelearning\1.11.649\aws-java-sdk-machinelearning-1.11.649.jar;C:\Users\Allan Cruz\.m2\repository\com\amazonaws\aws-java-sdk-directory\1.11.649\aws-java-sdk-directory-1.11.649.jar;C:\Users\Allan Cruz\.m2\repository\com\amazonaws\aws-java-sdk-efs\1.11.649\aws-java-sdk-efs-1.11.649.jar;C:\Users\Allan Cruz\.m2\repository\com\amazonaws\aws-java-sdk-codecommit\1.11.649\aws-java-sdk-codecommit-1.11.649.jar;C:\Users\Allan Cruz\.m2\repository\com\amazonaws\aws-java-sdk-devicefarm\1.11.649\aws-java-sdk-devicefarm-1.11.649.jar;C:\Users\Allan Cruz\.m2\repository\com\amazonaws\aws-java-sdk-elasticsearch\1.11.649\aws-java-sdk-elasticsearch-1.11.649.jar;C:\Users\Allan Cruz\.m2\repository\com\amazonaws\aws-java-sdk-waf\1.11.649\aws-java-sdk-waf-1.11.649.jar;C:\Users\Allan Cruz\.m2\repository\com\amazonaws\aws-java-sdk-marketplacecommerceanalytics\1.11.649\aws-java-sdk-marketplacecommerceanalytics-1.11.649.jar;C:\Users\Allan Cruz\.m2\repository\com\amazonaws\aws-java-sdk-inspector\1.11.649\aws-java-sdk-inspector-1.11.649.jar;C:\Users\Allan Cruz\.m2\repository\com\amazonaws\aws-java-sdk-iot\1.11.649\aws-java-sdk-iot-1.11.649.jar;C:\Users\Allan Cruz\.m2\repository\com\amazonaws\aws-java-sdk-api-gateway\1.11.649\aws-java-sdk-api-gateway-1.11.649.jar;C:\Users\Allan Cruz\.m2\repository\com\amazonaws\aws-java-sdk-acm\1.11.649\aws-java-sdk-acm-1.11.649.jar;C:\Users\Allan Cruz\.m2\repository\com\amazonaws\aws-java-sdk-gamelift\1.11.649\aws-java-sdk-gamelift-1.11.649.jar;C:\Users\Allan Cruz\.m2\repository\com\amazonaws\aws-java-sdk-dms\1.11.649\aws-java-sdk-dms-1.11.649.jar;C:\Users\Allan Cruz\.m2\repository\com\amazonaws\aws-java-sdk-marketplacemeteringservice\1.11.649\aws-java-sdk-marketplacemeteringservice-1.11.649.jar;C:\Users\Allan Cruz\.m2\repository\com\amazonaws\aws-java-sdk-cognitoidp\1.11.649\aws-java-sdk-cognitoidp-1.11.649.jar;C:\Users\Allan Cruz\.m2\repository\com\amazonaws\aws-java-sdk-discovery\1.11.649\aws-java-sdk-discovery-1.11.649.jar;C:\Users\Allan Cruz\.m2\repository\com\amazonaws\aws-java-sdk-applicationautoscaling\1.11.649\aws-java-sdk-applicationautoscaling-1.11.649.jar;C:\Users\Allan Cruz\.m2\repository\com\amazonaws\aws-java-sdk-snowball\1.11.649\aws-java-sdk-snowball-1.11.649.jar;C:\Users\Allan Cruz\.m2\repository\com\amazonaws\aws-java-sdk-rekognition\1.11.649\aws-java-sdk-rekognition-1.11.649.jar;C:\Users\Allan Cruz\.m2\repository\com\amazonaws\aws-java-sdk-polly\1.11.649\aws-java-sdk-polly-1.11.649.jar;C:\Users\Allan Cruz\.m2\repository\com\amazonaws\aws-java-sdk-lightsail\1.11.649\aws-java-sdk-lightsail-1.11.649.jar;C:\Users\Allan Cruz\.m2\repository\com\amazonaws\aws-java-sdk-stepfunctions\1.11.649\aws-java-sdk-stepfunctions-1.11.649.jar;C:\Users\Allan Cruz\.m2\repository\com\amazonaws\aws-java-sdk-health\1.11.649\aws-java-sdk-health-1.11.649.jar;C:\Users\Allan Cruz\.m2\repository\com\amazonaws\aws-java-sdk-costandusagereport\1.11.649\aws-java-sdk-costandusagereport-1.11.649.jar;C:\Users\Allan Cruz\.m2\repository\com\amazonaws\aws-java-sdk-codebuild\1.11.649\aws-java-sdk-codebuild-1.11.649.jar;C:\Users\Allan Cruz\.m2\repository\com\amazonaws\aws-java-sdk-appstream\1.11.649\aws-java-sdk-appstream-1.11.649.jar;C:\Users\Allan Cruz\.m2\repository\com\amazonaws\aws-java-sdk-shield\1.11.649\aws-java-sdk-shield-1.11.649.jar;C:\Users\Allan Cruz\.m2\repository\com\amazonaws\aws-java-sdk-batch\1.11.649\aws-java-sdk-batch-1.11.649.jar;C:\Users\Allan Cruz\.m2\repository\com\amazonaws\aws-java-sdk-lex\1.11.649\aws-java-sdk-lex-1.11.649.jar;C:\Users\Allan Cruz\.m2\repository\com\amazonaws\aws-java-sdk-mechanicalturkrequester\1.11.649\aws-java-sdk-mechanicalturkrequester-1.11.649.jar;C:\Users\Allan Cruz\.m2\repository\com\amazonaws\aws-java-sdk-organizations\1.11.649\aws-java-sdk-organizations-1.11.649.jar;C:\Users\Allan Cruz\.m2\repository\com\amazonaws\aws-java-sdk-workdocs\1.11.649\aws-java-sdk-workdocs-1.11.649.jar;C:\Users\Allan Cruz\.m2\repository\com\amazonaws\aws-java-sdk-core\1.11.649\aws-java-sdk-core-1.11.649.jar;C:\Users\Allan Cruz\.m2\repository\commons-logging\commons-logging\1.1.3\commons-logging-1.1.3.jar;C:\Users\Allan Cruz\.m2\repository\org\apache\httpcomponents\httpclient\4.5.7\httpclient-4.5.7.jar;C:\Users\Allan Cruz\.m2\repository\org\apache\httpcomponents\httpcore\4.4.11\httpcore-4.4.11.jar;C:\Users\Allan Cruz\.m2\repository\commons-codec\commons-codec\1.11\commons-codec-1.11.jar;C:\Users\Allan Cruz\.m2\repository\software\amazon\ion\ion-java\1.0.2\ion-java-1.0.2.jar;C:\Users\Allan Cruz\.m2\repository\com\fasterxml\jackson\dataformat\jackson-dataformat-cbor\2.9.8\jackson-dataformat-cbor-2.9.8.jar;C:\Users\Allan Cruz\.m2\repository\joda-time\joda-time\2.10.1\joda-time-2.10.1.jar;C:\Users\Allan Cruz\.m2\repository\com\amazonaws\aws-java-sdk-models\1.11.649\aws-java-sdk-models-1.11.649.jar;C:\Users\Allan Cruz\.m2\repository\com\amazonaws\aws-java-sdk-swf-libraries\1.11.22\aws-java-sdk-swf-libraries-1.11.22.jar;C:\Users\Allan Cruz\.m2\repository\commons-io\commons-io\2.6\commons-io-2.6.jar;C:\Users\Allan Cruz\.m2\repository\org\imgscalr\imgscalr-lib\4.2\imgscalr-lib-4.2.jar;"/>
    <property name="sun.cpu.endian" value="little"/>
    <property name="user.home" value="C:\Users\Allan Cruz"/>
    <property name="user.language" value="pt"/>
    <property name="java.specification.vendor" value="Oracle Corporation"/>
    <property name="java.home" value="C:\Program Files\Java\jdk1.8.0_181\jre"/>
    <property name="basedir" value="D:\Ambiente_Desenvolvimento\WORKSPACES\WORKSPACE_CURSO_IONIC_BACKEND\ws\cursomc"/>
    <property name="style.color" value="always"/>
    <property name="file.separator" value="\"/>
    <property name="line.separator" value="&#10;"/>
    <property name="java.vm.specification.vendor" value="Oracle Corporation"/>
    <property name="java.specification.name" value="Java Platform API Specification"/>
    <property name="java.awt.graphicsenv" value="sun.awt.Win32GraphicsEnvironment"/>
    <property name="surefire.real.class.path" value="C:\Users\ALLANC~1\AppData\Local\Temp\surefire4816235963851649760\surefirebooter508015755032439986.jar"/>
    <property name="sun.boot.class.path" value="C:\Program Files\Java\jdk1.8.0_181\jre\lib\resources.jar;C:\Program Files\Java\jdk1.8.0_181\jre\lib\rt.jar;C:\Program Files\Java\jdk1.8.0_181\jre\lib\sunrsasign.jar;C:\Program Files\Java\jdk1.8.0_181\jre\lib\jsse.jar;C:\Program Files\Java\jdk1.8.0_181\jre\lib\jce.jar;C:\Program Files\Java\jdk1.8.0_181\jre\lib\charsets.jar;C:\Program Files\Java\jdk1.8.0_181\jre\lib\jfr.jar;C:\Program Files\Java\jdk1.8.0_181\jre\classes"/>
    <property name="user.script" value=""/>
    <property name="sun.management.compiler" value="HotSpot 64-Bit Tiered Compilers"/>
    <property name="java.runtime.version" value="1.8.0_181-b13"/>
    <property name="user.name" value="Allan Cruz"/>
    <property name="path.separator" value=";"/>
    <property name="os.version" value="10.0"/>
    <property name="java.endorsed.dirs" value="C:\Program Files\Java\jdk1.8.0_181\jre\lib\endorsed"/>
    <property name="java.runtime.name" value="Java(TM) SE Runtime Environment"/>
    <property name="file.encoding" value="Cp1252"/>
    <property name="java.vm.name" value="Java HotSpot(TM) 64-Bit Server VM"/>
    <property name="localRepository" value="C:\Users\Allan Cruz\.m2\repository"/>
    <property name="java.vendor.url.bug" value="http://bugreport.sun.com/bugreport/"/>
    <property name="java.io.tmpdir" value="C:\Users\ALLANC~1\AppData\Local\Temp\"/>
    <property name="java.version" value="1.8.0_181"/>
    <property name="user.dir" value="D:\Ambiente_Desenvolvimento\WORKSPACES\WORKSPACE_CURSO_IONIC_BACKEND\ws\cursomc"/>
    <property name="os.arch" value="amd64"/>
    <property name="java.vm.specification.name" value="Java Virtual Machine Specification"/>
    <property name="java.awt.printerjob" value="sun.awt.windows.WPrinterJob"/>
    <property name="sun.os.patch.level" value=""/>
    <property name="java.library.path" value="C:\Program Files\Java\jdk1.8.0_181\jre\bin;C:\WINDOWS\Sun\Java\bin;C:\WINDOWS\system32;C:\WINDOWS;C:/Program Files/Java/jdk1.8.0_181/bin/../jre/bin/server;C:/Program Files/Java/jdk1.8.0_181/bin/../jre/bin;C:/Program Files/Java/jdk1.8.0_181/bin/../jre/lib/amd64;C:\Windows\system32;C:\Windows;C:\Windows\System32\Wbem;C:\Windows\System32\WindowsPowerShell\v1.0\;C:\Program Files (x86)\NVIDIA Corporation\PhysX\Common;C:\Program Files\Intel\WiFi\bin\;C:\Program Files\Common Files\Intel\WirelessCommon\;C:\Program Files\Java\jdk1.8.0_181\bin;C:\xampp\mysql\bin;C:\Program Files\nodejs\;C:\WINDOWS\system32;C:\WINDOWS;C:\WINDOWS\System32\Wbem;C:\WINDOWS\System32\WindowsPowerShell\v1.0\;C:\WINDOWS\System32\OpenSSH\;C:\Android\sdk\tools;C:\Android\sdk\tools\bin;C:\Android\sdk\platform-tools;C:\Android\sdk\build-tools\19.1.0;C:\Gradle\gradle-5.6.2\bin;C:\Program Files\Intel\WiFi\bin\;C:\Program Files\Common Files\Intel\WirelessCommon\;C:\Users\Allan Cruz\AppData\Roaming\npm;C:\Users\Allan Cruz\AppData\Local\Programs\Microsoft VS Code\bin;C:\Users\Allan Cruz\AppData\Local\Microsoft\WindowsApps;C:\Program Files\heroku\bin;D:\Ambiente_Desenvolvimento\IDE\sts-4.3.2.RELEASE;;."/>
    <property name="java.vm.info" value="mixed mode"/>
    <property name="java.vendor" value="Oracle Corporation"/>
    <property name="java.vm.version" value="25.181-b13"/>
    <property name="java.ext.dirs" value="C:\Program Files\Java\jdk1.8.0_181\jre\lib\ext;C:\WINDOWS\Sun\Java\lib\ext"/>
    <property name="sun.io.unicode.encoding" value="UnicodeLittle"/>
    <property name="java.class.version" value="52.0"/>
  </properties>
  <testcase name="contextLoads" classname="com.allan.cursomc.CursomcApplicationTests" time="0.005">
    <error message="Failed to load ApplicationContext" type="java.lang.IllegalStateException">java.lang.IllegalStateException: Failed to load ApplicationContext
Caused by: org.springframework.beans.factory.UnsatisfiedDependencyException: Error creating bean with name 'inMemoryDatabaseShutdownExecutor' defined in class path resource [org/springframework/boot/devtools/autoconfigure/DevToolsDataSourceAutoConfiguration.class]: Unsatisfied dependency expressed through method 'inMemoryDatabaseShutdownExecutor' parameter 0; nested exception is org.springframework.beans.factory.BeanCreationException: Error creating bean with name 'dataSource' defined in class path resource [org/springframework/boot/autoconfigure/jdbc/DataSourceConfiguration$Hikari.class]: Bean instantiation via factory method failed; nested exception is org.springframework.beans.BeanInstantiationException: Failed to instantiate [com.zaxxer.hikari.HikariDataSource]: Factory method 'dataSource' threw exception; nested exception is java.lang.IllegalArgumentException: URL must start with 'jdbc'
Caused by: org.springframework.beans.factory.BeanCreationException: Error creating bean with name 'dataSource' defined in class path resource [org/springframework/boot/autoconfigure/jdbc/DataSourceConfiguration$Hikari.class]: Bean instantiation via factory method failed; nested exception is org.springframework.beans.BeanInstantiationException: Failed to instantiate [com.zaxxer.hikari.HikariDataSource]: Factory method 'dataSource' threw exception; nested exception is java.lang.IllegalArgumentException: URL must start with 'jdbc'
Caused by: org.springframework.beans.BeanInstantiationException: Failed to instantiate [com.zaxxer.hikari.HikariDataSource]: Factory method 'dataSource' threw exception; nested exception is java.lang.IllegalArgumentException: URL must start with 'jdbc'
Caused by: java.lang.IllegalArgumentException: URL must start with 'jdbc'
</error>
    <system-out><![CDATA[21:30:28.227 [main] DEBUG org.springframework.test.context.junit4.SpringJUnit4ClassRunner - SpringJUnit4ClassRunner constructor called with [class com.allan.cursomc.CursomcApplicationTests]
21:30:28.232 [main] DEBUG org.springframework.test.context.BootstrapUtils - Instantiating CacheAwareContextLoaderDelegate from class [org.springframework.test.context.cache.DefaultCacheAwareContextLoaderDelegate]
21:30:28.236 [main] DEBUG org.springframework.test.context.BootstrapUtils - Instantiating BootstrapContext using constructor [public org.springframework.test.context.support.DefaultBootstrapContext(java.lang.Class,org.springframework.test.context.CacheAwareContextLoaderDelegate)]
21:30:28.254 [main] DEBUG org.springframework.test.context.BootstrapUtils - Instantiating TestContextBootstrapper for test class [com.allan.cursomc.CursomcApplicationTests] from class [org.springframework.boot.test.context.SpringBootTestContextBootstrapper]
21:30:28.265 [main] INFO org.springframework.boot.test.context.SpringBootTestContextBootstrapper - Neither @ContextConfiguration nor @ContextHierarchy found for test class [com.allan.cursomc.CursomcApplicationTests], using SpringBootContextLoader
21:30:28.268 [main] DEBUG org.springframework.test.context.support.AbstractContextLoader - Did not detect default resource location for test class [com.allan.cursomc.CursomcApplicationTests]: class path resource [com/allan/cursomc/CursomcApplicationTests-context.xml] does not exist
21:30:28.269 [main] DEBUG org.springframework.test.context.support.AbstractContextLoader - Did not detect default resource location for test class [com.allan.cursomc.CursomcApplicationTests]: class path resource [com/allan/cursomc/CursomcApplicationTestsContext.groovy] does not exist
21:30:28.269 [main] INFO org.springframework.test.context.support.AbstractContextLoader - Could not detect default resource locations for test class [com.allan.cursomc.CursomcApplicationTests]: no resource found for suffixes {-context.xml, Context.groovy}.
21:30:28.270 [main] INFO org.springframework.test.context.support.AnnotationConfigContextLoaderUtils - Could not detect default configuration classes for test class [com.allan.cursomc.CursomcApplicationTests]: CursomcApplicationTests does not declare any static, non-private, non-final, nested classes annotated with @Configuration.
21:30:28.325 [main] DEBUG org.springframework.test.context.support.ActiveProfilesUtils - Could not find an 'annotation declaring class' for annotation type [org.springframework.test.context.ActiveProfiles] and class [com.allan.cursomc.CursomcApplicationTests]
21:30:28.418 [main] DEBUG org.springframework.context.annotation.ClassPathScanningCandidateComponentProvider - Identified candidate component class: file [D:\Ambiente_Desenvolvimento\WORKSPACES\WORKSPACE_CURSO_IONIC_BACKEND\ws\cursomc\target\classes\com\allan\cursomc\CursomcApplication.class]
21:30:28.419 [main] INFO org.springframework.boot.test.context.SpringBootTestContextBootstrapper - Found @SpringBootConfiguration com.allan.cursomc.CursomcApplication for test class com.allan.cursomc.CursomcApplicationTests
21:30:28.579 [main] DEBUG org.springframework.boot.test.context.SpringBootTestContextBootstrapper - @TestExecutionListeners is not present for class [com.allan.cursomc.CursomcApplicationTests]: using defaults.
21:30:28.580 [main] INFO org.springframework.boot.test.context.SpringBootTestContextBootstrapper - Loaded default TestExecutionListener class names from location [META-INF/spring.factories]: [org.springframework.boot.test.mock.mockito.MockitoTestExecutionListener, org.springframework.boot.test.mock.mockito.ResetMocksTestExecutionListener, org.springframework.boot.test.autoconfigure.restdocs.RestDocsTestExecutionListener, org.springframework.boot.test.autoconfigure.web.client.MockRestServiceServerResetTestExecutionListener, org.springframework.boot.test.autoconfigure.web.servlet.MockMvcPrintOnlyOnFailureTestExecutionListener, org.springframework.boot.test.autoconfigure.web.servlet.WebDriverTestExecutionListener, org.springframework.test.context.web.ServletTestExecutionListener, org.springframework.test.context.support.DirtiesContextBeforeModesTestExecutionListener, org.springframework.test.context.support.DependencyInjectionTestExecutionListener, org.springframework.test.context.support.DirtiesContextTestExecutionListener, org.springframework.test.context.transaction.TransactionalTestExecutionListener, org.springframework.test.context.jdbc.SqlScriptsTestExecutionListener]
21:30:28.601 [main] INFO org.springframework.boot.test.context.SpringBootTestContextBootstrapper - Using TestExecutionListeners: [org.springframework.test.context.web.ServletTestExecutionListener@4d0f2471, org.springframework.test.context.support.DirtiesContextBeforeModesTestExecutionListener@7133da86, org.springframework.boot.test.mock.mockito.MockitoTestExecutionListener@3232a28a, org.springframework.boot.test.autoconfigure.SpringBootDependencyInjectionTestExecutionListener@73e22a3d, org.springframework.test.context.support.DirtiesContextTestExecutionListener@47faa49c, org.springframework.test.context.transaction.TransactionalTestExecutionListener@28f2a10f, org.springframework.test.context.jdbc.SqlScriptsTestExecutionListener@f736069, org.springframework.boot.test.mock.mockito.ResetMocksTestExecutionListener@6da21078, org.springframework.boot.test.autoconfigure.restdocs.RestDocsTestExecutionListener@7fee8714, org.springframework.boot.test.autoconfigure.web.client.MockRestServiceServerResetTestExecutionListener@4229bb3f, org.springframework.boot.test.autoconfigure.web.servlet.MockMvcPrintOnlyOnFailureTestExecutionListener@56cdfb3b, org.springframework.boot.test.autoconfigure.web.servlet.WebDriverTestExecutionListener@2b91004a]
21:30:28.603 [main] DEBUG org.springframework.test.annotation.ProfileValueUtils - Retrieved @ProfileValueSourceConfiguration [null] for test class [com.allan.cursomc.CursomcApplicationTests]
21:30:28.603 [main] DEBUG org.springframework.test.annotation.ProfileValueUtils - Retrieved ProfileValueSource type [class org.springframework.test.annotation.SystemProfileValueSource] for class [com.allan.cursomc.CursomcApplicationTests]
21:30:28.605 [main] DEBUG org.springframework.test.annotation.ProfileValueUtils - Retrieved @ProfileValueSourceConfiguration [null] for test class [com.allan.cursomc.CursomcApplicationTests]
21:30:28.605 [main] DEBUG org.springframework.test.annotation.ProfileValueUtils - Retrieved ProfileValueSource type [class org.springframework.test.annotation.SystemProfileValueSource] for class [com.allan.cursomc.CursomcApplicationTests]
21:30:28.606 [main] DEBUG org.springframework.test.annotation.ProfileValueUtils - Retrieved @ProfileValueSourceConfiguration [null] for test class [com.allan.cursomc.CursomcApplicationTests]
21:30:28.606 [main] DEBUG org.springframework.test.annotation.ProfileValueUtils - Retrieved ProfileValueSource type [class org.springframework.test.annotation.SystemProfileValueSource] for class [com.allan.cursomc.CursomcApplicationTests]
21:30:28.607 [main] DEBUG org.springframework.test.context.support.AbstractDirtiesContextTestExecutionListener - Before test class: context [DefaultTestContext@58d75e99 testClass = CursomcApplicationTests, testInstance = [null], testMethod = [null], testException = [null], mergedContextConfiguration = [WebMergedContextConfiguration@74751b3 testClass = CursomcApplicationTests, locations = '{}', classes = '{class com.allan.cursomc.CursomcApplication}', contextInitializerClasses = '[]', activeProfiles = '{}', propertySourceLocations = '{}', propertySourceProperties = '{org.springframework.boot.test.context.SpringBootTestContextBootstrapper=true}', contextCustomizers = set[org.springframework.boot.test.context.filter.ExcludeFilterContextCustomizer@5906ebcb, org.springframework.boot.test.json.DuplicateJsonObjectContextCustomizerFactory$DuplicateJsonObjectContextCustomizer@55a561cf, org.springframework.boot.test.mock.mockito.MockitoContextCustomizer@0, org.springframework.boot.test.web.client.TestRestTemplateContextCustomizer@71c8becc, org.springframework.boot.test.autoconfigure.properties.PropertyMappingContextCustomizer@0, org.springframework.boot.test.autoconfigure.web.servlet.WebDriverContextCustomizerFactory$Customizer@78dd667e], resourceBasePath = 'src/main/webapp', contextLoader = 'org.springframework.boot.test.context.SpringBootContextLoader', parent = [null]], attributes = map['org.springframework.test.context.web.ServletTestExecutionListener.activateListener' -> true]], class annotated with @DirtiesContext [false] with mode [null].
21:30:28.607 [main] DEBUG org.springframework.test.annotation.ProfileValueUtils - Retrieved @ProfileValueSourceConfiguration [null] for test class [com.allan.cursomc.CursomcApplicationTests]
21:30:28.610 [main] DEBUG org.springframework.test.annotation.ProfileValueUtils - Retrieved ProfileValueSource type [class org.springframework.test.annotation.SystemProfileValueSource] for class [com.allan.cursomc.CursomcApplicationTests]
21:30:28.631 [main] DEBUG org.springframework.test.context.support.TestPropertySourceUtils - Adding inlined properties to environment: {spring.jmx.enabled=false, org.springframework.boot.test.context.SpringBootTestContextBootstrapper=true, server.port=-1}

  .   ____          _            __ _ _
 /\\ / ___'_ __ _ _(_)_ __  __ _ \ \ \ \
( ( )\___ | '_ | '_| | '_ \/ _` | \ \ \ \
 \\/  ___)| |_)| | | | | || (_| |  ) ) ) )
  '  |____| .__|_| |_|_| |_\__, | / / / /
 =========|_|==============|___/=/_/_/_/
 :: Spring Boot ::        (v2.1.3.RELEASE)

2019-10-09 21:30:28.907  INFO 16968 --- [           main] c.allan.cursomc.CursomcApplicationTests  : Starting CursomcApplicationTests on DESKTOP-DA8GHOU with PID 16968 (started by Allan Cruz in D:\Ambiente_Desenvolvimento\WORKSPACES\WORKSPACE_CURSO_IONIC_BACKEND\ws\cursomc)
2019-10-09 21:30:28.907  INFO 16968 --- [           main] c.allan.cursomc.CursomcApplicationTests  : The following profiles are active: prod
2019-10-09 21:30:29.816  INFO 16968 --- [           main] .s.d.r.c.RepositoryConfigurationDelegate : Bootstrapping Spring Data repositories in DEFAULT mode.
2019-10-09 21:30:29.993  INFO 16968 --- [           main] .s.d.r.c.RepositoryConfigurationDelegate : Finished Spring Data repository scanning in 165ms. Found 9 repository interfaces.
2019-10-09 21:30:30.553  INFO 16968 --- [           main] trationDelegate$BeanPostProcessorChecker : Bean 'org.springframework.transaction.annotation.ProxyTransactionManagementConfiguration' of type [org.springframework.transaction.annotation.ProxyTransactionManagementConfiguration$$EnhancerBySpringCGLIB$$cc7cce4c] is not eligible for getting processed by all BeanPostProcessors (for example: not eligible for auto-proxying)
2019-10-09 21:30:30.659  INFO 16968 --- [           main] trationDelegate$BeanPostProcessorChecker : Bean 'org.springframework.security.config.annotation.configuration.ObjectPostProcessorConfiguration' of type [org.springframework.security.config.annotation.configuration.ObjectPostProcessorConfiguration$$EnhancerBySpringCGLIB$$652a9686] is not eligible for getting processed by all BeanPostProcessors (for example: not eligible for auto-proxying)
2019-10-09 21:30:30.675  INFO 16968 --- [           main] trationDelegate$BeanPostProcessorChecker : Bean 'objectPostProcessor' of type [org.springframework.security.config.annotation.configuration.AutowireBeanFactoryObjectPostProcessor] is not eligible for getting processed by all BeanPostProcessors (for example: not eligible for auto-proxying)
2019-10-09 21:30:30.677  INFO 16968 --- [           main] trationDelegate$BeanPostProcessorChecker : Bean 'org.springframework.security.access.expression.method.DefaultMethodSecurityExpressionHandler@5e746d37' of type [org.springframework.security.access.expression.method.DefaultMethodSecurityExpressionHandler] is not eligible for getting processed by all BeanPostProcessors (for example: not eligible for auto-proxying)
2019-10-09 21:30:30.693  INFO 16968 --- [           main] trationDelegate$BeanPostProcessorChecker : Bean 'org.springframework.security.config.annotation.method.configuration.GlobalMethodSecurityConfiguration' of type [org.springframework.security.config.annotation.method.configuration.GlobalMethodSecurityConfiguration$$EnhancerBySpringCGLIB$$89ff3938] is not eligible for getting processed by all BeanPostProcessors (for example: not eligible for auto-proxying)
2019-10-09 21:30:30.704  INFO 16968 --- [           main] trationDelegate$BeanPostProcessorChecker : Bean 'methodSecurityMetadataSource' of type [org.springframework.security.access.method.DelegatingMethodSecurityMetadataSource] is not eligible for getting processed by all BeanPostProcessors (for example: not eligible for auto-proxying)
2019-10-09 21:30:30.792  WARN 16968 --- [           main] o.s.w.c.s.GenericWebApplicationContext   : Exception encountered during context initialization - cancelling refresh attempt: org.springframework.beans.factory.UnsatisfiedDependencyException: Error creating bean with name 'inMemoryDatabaseShutdownExecutor' defined in class path resource [org/springframework/boot/devtools/autoconfigure/DevToolsDataSourceAutoConfiguration.class]: Unsatisfied dependency expressed through method 'inMemoryDatabaseShutdownExecutor' parameter 0; nested exception is org.springframework.beans.factory.BeanCreationException: Error creating bean with name 'dataSource' defined in class path resource [org/springframework/boot/autoconfigure/jdbc/DataSourceConfiguration$Hikari.class]: Bean instantiation via factory method failed; nested exception is org.springframework.beans.BeanInstantiationException: Failed to instantiate [com.zaxxer.hikari.HikariDataSource]: Factory method 'dataSource' threw exception; nested exception is java.lang.IllegalArgumentException: URL must start with 'jdbc'
2019-10-09 21:30:30.804  INFO 16968 --- [           main] ConditionEvaluationReportLoggingListener : 

Error starting ApplicationContext. To display the conditions report re-run your application with 'debug' enabled.
2019-10-09 21:30:30.810 ERROR 16968 --- [           main] o.s.boot.SpringApplication               : Application run failed

org.springframework.beans.factory.UnsatisfiedDependencyException: Error creating bean with name 'inMemoryDatabaseShutdownExecutor' defined in class path resource [org/springframework/boot/devtools/autoconfigure/DevToolsDataSourceAutoConfiguration.class]: Unsatisfied dependency expressed through method 'inMemoryDatabaseShutdownExecutor' parameter 0; nested exception is org.springframework.beans.factory.BeanCreationException: Error creating bean with name 'dataSource' defined in class path resource [org/springframework/boot/autoconfigure/jdbc/DataSourceConfiguration$Hikari.class]: Bean instantiation via factory method failed; nested exception is org.springframework.beans.BeanInstantiationException: Failed to instantiate [com.zaxxer.hikari.HikariDataSource]: Factory method 'dataSource' threw exception; nested exception is java.lang.IllegalArgumentException: URL must start with 'jdbc'
	at org.springframework.beans.factory.support.ConstructorResolver.createArgumentArray(ConstructorResolver.java:769) ~[spring-beans-5.1.5.RELEASE.jar:5.1.5.RELEASE]
	at org.springframework.beans.factory.support.ConstructorResolver.instantiateUsingFactoryMethod(ConstructorResolver.java:509) ~[spring-beans-5.1.5.RELEASE.jar:5.1.5.RELEASE]
	at org.springframework.beans.factory.support.AbstractAutowireCapableBeanFactory.instantiateUsingFactoryMethod(AbstractAutowireCapableBeanFactory.java:1305) ~[spring-beans-5.1.5.RELEASE.jar:5.1.5.RELEASE]
	at org.springframework.beans.factory.support.AbstractAutowireCapableBeanFactory.createBeanInstance(AbstractAutowireCapableBeanFactory.java:1144) ~[spring-beans-5.1.5.RELEASE.jar:5.1.5.RELEASE]
	at org.springframework.beans.factory.support.AbstractAutowireCapableBeanFactory.doCreateBean(AbstractAutowireCapableBeanFactory.java:555) ~[spring-beans-5.1.5.RELEASE.jar:5.1.5.RELEASE]
	at org.springframework.beans.factory.support.AbstractAutowireCapableBeanFactory.createBean(AbstractAutowireCapableBeanFactory.java:515) ~[spring-beans-5.1.5.RELEASE.jar:5.1.5.RELEASE]
	at org.springframework.beans.factory.support.AbstractBeanFactory.lambda$doGetBean$0(AbstractBeanFactory.java:320) ~[spring-beans-5.1.5.RELEASE.jar:5.1.5.RELEASE]
	at org.springframework.beans.factory.support.DefaultSingletonBeanRegistry.getSingleton(DefaultSingletonBeanRegistry.java:222) ~[spring-beans-5.1.5.RELEASE.jar:5.1.5.RELEASE]
	at org.springframework.beans.factory.support.AbstractBeanFactory.doGetBean(AbstractBeanFactory.java:318) ~[spring-beans-5.1.5.RELEASE.jar:5.1.5.RELEASE]
	at org.springframework.beans.factory.support.AbstractBeanFactory.getBean(AbstractBeanFactory.java:199) ~[spring-beans-5.1.5.RELEASE.jar:5.1.5.RELEASE]
	at org.springframework.beans.factory.support.AbstractBeanFactory.doGetBean(AbstractBeanFactory.java:307) ~[spring-beans-5.1.5.RELEASE.jar:5.1.5.RELEASE]
	at org.springframework.beans.factory.support.AbstractBeanFactory.getBean(AbstractBeanFactory.java:199) ~[spring-beans-5.1.5.RELEASE.jar:5.1.5.RELEASE]
	at org.springframework.context.support.AbstractApplicationContext.getBean(AbstractApplicationContext.java:1105) ~[spring-context-5.1.5.RELEASE.jar:5.1.5.RELEASE]
	at org.springframework.context.support.AbstractApplicationContext.finishBeanFactoryInitialization(AbstractApplicationContext.java:867) ~[spring-context-5.1.5.RELEASE.jar:5.1.5.RELEASE]
	at org.springframework.context.support.AbstractApplicationContext.refresh(AbstractApplicationContext.java:549) ~[spring-context-5.1.5.RELEASE.jar:5.1.5.RELEASE]
	at org.springframework.boot.SpringApplication.refresh(SpringApplication.java:775) ~[spring-boot-2.1.3.RELEASE.jar:2.1.3.RELEASE]
	at org.springframework.boot.SpringApplication.refreshContext(SpringApplication.java:397) ~[spring-boot-2.1.3.RELEASE.jar:2.1.3.RELEASE]
	at org.springframework.boot.SpringApplication.run(SpringApplication.java:316) ~[spring-boot-2.1.3.RELEASE.jar:2.1.3.RELEASE]
	at org.springframework.boot.test.context.SpringBootContextLoader.loadContext(SpringBootContextLoader.java:127) [spring-boot-test-2.1.3.RELEASE.jar:2.1.3.RELEASE]
	at org.springframework.test.context.cache.DefaultCacheAwareContextLoaderDelegate.loadContextInternal(DefaultCacheAwareContextLoaderDelegate.java:99) [spring-test-5.1.5.RELEASE.jar:5.1.5.RELEASE]
	at org.springframework.test.context.cache.DefaultCacheAwareContextLoaderDelegate.loadContext(DefaultCacheAwareContextLoaderDelegate.java:117) [spring-test-5.1.5.RELEASE.jar:5.1.5.RELEASE]
	at org.springframework.test.context.support.DefaultTestContext.getApplicationContext(DefaultTestContext.java:108) [spring-test-5.1.5.RELEASE.jar:5.1.5.RELEASE]
	at org.springframework.test.context.web.ServletTestExecutionListener.setUpRequestContextIfNecessary(ServletTestExecutionListener.java:190) [spring-test-5.1.5.RELEASE.jar:5.1.5.RELEASE]
	at org.springframework.test.context.web.ServletTestExecutionListener.prepareTestInstance(ServletTestExecutionListener.java:132) [spring-test-5.1.5.RELEASE.jar:5.1.5.RELEASE]
	at org.springframework.test.context.TestContextManager.prepareTestInstance(TestContextManager.java:246) [spring-test-5.1.5.RELEASE.jar:5.1.5.RELEASE]
	at org.springframework.test.context.junit4.SpringJUnit4ClassRunner.createTest(SpringJUnit4ClassRunner.java:227) [spring-test-5.1.5.RELEASE.jar:5.1.5.RELEASE]
	at org.springframework.test.context.junit4.SpringJUnit4ClassRunner$1.runReflectiveCall(SpringJUnit4ClassRunner.java:289) [spring-test-5.1.5.RELEASE.jar:5.1.5.RELEASE]
	at org.junit.internal.runners.model.ReflectiveCallable.run(ReflectiveCallable.java:12) [junit-4.12.jar:4.12]
	at org.springframework.test.context.junit4.SpringJUnit4ClassRunner.methodBlock(SpringJUnit4ClassRunner.java:291) [spring-test-5.1.5.RELEASE.jar:5.1.5.RELEASE]
	at org.springframework.test.context.junit4.SpringJUnit4ClassRunner.runChild(SpringJUnit4ClassRunner.java:246) [spring-test-5.1.5.RELEASE.jar:5.1.5.RELEASE]
	at org.springframework.test.context.junit4.SpringJUnit4ClassRunner.runChild(SpringJUnit4ClassRunner.java:97) [spring-test-5.1.5.RELEASE.jar:5.1.5.RELEASE]
	at org.junit.runners.ParentRunner$3.run(ParentRunner.java:290) [junit-4.12.jar:4.12]
	at org.junit.runners.ParentRunner$1.schedule(ParentRunner.java:71) [junit-4.12.jar:4.12]
	at org.junit.runners.ParentRunner.runChildren(ParentRunner.java:288) [junit-4.12.jar:4.12]
	at org.junit.runners.ParentRunner.access$000(ParentRunner.java:58) [junit-4.12.jar:4.12]
	at org.junit.runners.ParentRunner$2.evaluate(ParentRunner.java:268) [junit-4.12.jar:4.12]
	at org.springframework.test.context.junit4.statements.RunBeforeTestClassCallbacks.evaluate(RunBeforeTestClassCallbacks.java:61) [spring-test-5.1.5.RELEASE.jar:5.1.5.RELEASE]
	at org.springframework.test.context.junit4.statements.RunAfterTestClassCallbacks.evaluate(RunAfterTestClassCallbacks.java:70) [spring-test-5.1.5.RELEASE.jar:5.1.5.RELEASE]
	at org.junit.runners.ParentRunner.run(ParentRunner.java:363) [junit-4.12.jar:4.12]
	at org.springframework.test.context.junit4.SpringJUnit4ClassRunner.run(SpringJUnit4ClassRunner.java:190) [spring-test-5.1.5.RELEASE.jar:5.1.5.RELEASE]
	at org.apache.maven.surefire.junit4.JUnit4Provider.execute(JUnit4Provider.java:365) [surefire-junit4-2.22.1.jar:2.22.1]
	at org.apache.maven.surefire.junit4.JUnit4Provider.executeWithRerun(JUnit4Provider.java:273) [surefire-junit4-2.22.1.jar:2.22.1]
	at org.apache.maven.surefire.junit4.JUnit4Provider.executeTestSet(JUnit4Provider.java:238) [surefire-junit4-2.22.1.jar:2.22.1]
	at org.apache.maven.surefire.junit4.JUnit4Provider.invoke(JUnit4Provider.java:159) [surefire-junit4-2.22.1.jar:2.22.1]
	at org.apache.maven.surefire.booter.ForkedBooter.invokeProviderInSameClassLoader(ForkedBooter.java:384) [surefire-booter-2.22.1.jar:2.22.1]
	at org.apache.maven.surefire.booter.ForkedBooter.runSuitesInProcess(ForkedBooter.java:345) [surefire-booter-2.22.1.jar:2.22.1]
	at org.apache.maven.surefire.booter.ForkedBooter.execute(ForkedBooter.java:126) [surefire-booter-2.22.1.jar:2.22.1]
	at org.apache.maven.surefire.booter.ForkedBooter.main(ForkedBooter.java:418) [surefire-booter-2.22.1.jar:2.22.1]
Caused by: org.springframework.beans.factory.BeanCreationException: Error creating bean with name 'dataSource' defined in class path resource [org/springframework/boot/autoconfigure/jdbc/DataSourceConfiguration$Hikari.class]: Bean instantiation via factory method failed; nested exception is org.springframework.beans.BeanInstantiationException: Failed to instantiate [com.zaxxer.hikari.HikariDataSource]: Factory method 'dataSource' threw exception; nested exception is java.lang.IllegalArgumentException: URL must start with 'jdbc'
	at org.springframework.beans.factory.support.ConstructorResolver.instantiate(ConstructorResolver.java:627) ~[spring-beans-5.1.5.RELEASE.jar:5.1.5.RELEASE]
	at org.springframework.beans.factory.support.ConstructorResolver.instantiateUsingFactoryMethod(ConstructorResolver.java:607) ~[spring-beans-5.1.5.RELEASE.jar:5.1.5.RELEASE]
	at org.springframework.beans.factory.support.AbstractAutowireCapableBeanFactory.instantiateUsingFactoryMethod(AbstractAutowireCapableBeanFactory.java:1305) ~[spring-beans-5.1.5.RELEASE.jar:5.1.5.RELEASE]
	at org.springframework.beans.factory.support.AbstractAutowireCapableBeanFactory.createBeanInstance(AbstractAutowireCapableBeanFactory.java:1144) ~[spring-beans-5.1.5.RELEASE.jar:5.1.5.RELEASE]
	at org.springframework.beans.factory.support.AbstractAutowireCapableBeanFactory.doCreateBean(AbstractAutowireCapableBeanFactory.java:555) ~[spring-beans-5.1.5.RELEASE.jar:5.1.5.RELEASE]
	at org.springframework.beans.factory.support.AbstractAutowireCapableBeanFactory.createBean(AbstractAutowireCapableBeanFactory.java:515) ~[spring-beans-5.1.5.RELEASE.jar:5.1.5.RELEASE]
	at org.springframework.beans.factory.support.AbstractBeanFactory.lambda$doGetBean$0(AbstractBeanFactory.java:320) ~[spring-beans-5.1.5.RELEASE.jar:5.1.5.RELEASE]
	at org.springframework.beans.factory.support.DefaultSingletonBeanRegistry.getSingleton(DefaultSingletonBeanRegistry.java:222) ~[spring-beans-5.1.5.RELEASE.jar:5.1.5.RELEASE]
	at org.springframework.beans.factory.support.AbstractBeanFactory.doGetBean(AbstractBeanFactory.java:318) ~[spring-beans-5.1.5.RELEASE.jar:5.1.5.RELEASE]
	at org.springframework.beans.factory.support.AbstractBeanFactory.getBean(AbstractBeanFactory.java:199) ~[spring-beans-5.1.5.RELEASE.jar:5.1.5.RELEASE]
	at org.springframework.beans.factory.config.DependencyDescriptor.resolveCandidate(DependencyDescriptor.java:277) ~[spring-beans-5.1.5.RELEASE.jar:5.1.5.RELEASE]
	at org.springframework.beans.factory.support.DefaultListableBeanFactory.doResolveDependency(DefaultListableBeanFactory.java:1247) ~[spring-beans-5.1.5.RELEASE.jar:5.1.5.RELEASE]
	at org.springframework.beans.factory.support.DefaultListableBeanFactory.resolveDependency(DefaultListableBeanFactory.java:1167) ~[spring-beans-5.1.5.RELEASE.jar:5.1.5.RELEASE]
	at org.springframework.beans.factory.support.ConstructorResolver.resolveAutowiredArgument(ConstructorResolver.java:857) ~[spring-beans-5.1.5.RELEASE.jar:5.1.5.RELEASE]
	at org.springframework.beans.factory.support.ConstructorResolver.createArgumentArray(ConstructorResolver.java:760) ~[spring-beans-5.1.5.RELEASE.jar:5.1.5.RELEASE]
	... 47 common frames omitted
Caused by: org.springframework.beans.BeanInstantiationException: Failed to instantiate [com.zaxxer.hikari.HikariDataSource]: Factory method 'dataSource' threw exception; nested exception is java.lang.IllegalArgumentException: URL must start with 'jdbc'
	at org.springframework.beans.factory.support.SimpleInstantiationStrategy.instantiate(SimpleInstantiationStrategy.java:185) ~[spring-beans-5.1.5.RELEASE.jar:5.1.5.RELEASE]
	at org.springframework.beans.factory.support.ConstructorResolver.instantiate(ConstructorResolver.java:622) ~[spring-beans-5.1.5.RELEASE.jar:5.1.5.RELEASE]
	... 61 common frames omitted
Caused by: java.lang.IllegalArgumentException: URL must start with 'jdbc'
	at org.springframework.util.Assert.isTrue(Assert.java:118) ~[spring-core-5.1.5.RELEASE.jar:5.1.5.RELEASE]
	at org.springframework.boot.jdbc.DatabaseDriver.fromJdbcUrl(DatabaseDriver.java:280) ~[spring-boot-2.1.3.RELEASE.jar:2.1.3.RELEASE]
	at org.springframework.boot.autoconfigure.jdbc.DataSourceProperties.determineDriverClassName(DataSourceProperties.java:230) ~[spring-boot-autoconfigure-2.1.3.RELEASE.jar:2.1.3.RELEASE]
	at org.springframework.boot.autoconfigure.jdbc.DataSourceProperties.initializeDataSourceBuilder(DataSourceProperties.java:176) ~[spring-boot-autoconfigure-2.1.3.RELEASE.jar:2.1.3.RELEASE]
	at org.springframework.boot.autoconfigure.jdbc.DataSourceConfiguration.createDataSource(DataSourceConfiguration.java:43) ~[spring-boot-autoconfigure-2.1.3.RELEASE.jar:2.1.3.RELEASE]
	at org.springframework.boot.autoconfigure.jdbc.DataSourceConfiguration$Hikari.dataSource(DataSourceConfiguration.java:83) ~[spring-boot-autoconfigure-2.1.3.RELEASE.jar:2.1.3.RELEASE]
	at sun.reflect.NativeMethodAccessorImpl.invoke0(Native Method) ~[na:1.8.0_181]
	at sun.reflect.NativeMethodAccessorImpl.invoke(NativeMethodAccessorImpl.java:62) ~[na:1.8.0_181]
	at sun.reflect.DelegatingMethodAccessorImpl.invoke(DelegatingMethodAccessorImpl.java:43) ~[na:1.8.0_181]
	at java.lang.reflect.Method.invoke(Method.java:498) ~[na:1.8.0_181]
	at org.springframework.beans.factory.support.SimpleInstantiationStrategy.instantiate(SimpleInstantiationStrategy.java:154) ~[spring-beans-5.1.5.RELEASE.jar:5.1.5.RELEASE]
	... 62 common frames omitted

2019-10-09 21:30:30.814 ERROR 16968 --- [           main] o.s.test.context.TestContextManager      : Caught exception while allowing TestExecutionListener [org.springframework.test.context.web.ServletTestExecutionListener@4d0f2471] to prepare test instance [com.allan.cursomc.CursomcApplicationTests@4e17913b]

java.lang.IllegalStateException: Failed to load ApplicationContext
	at org.springframework.test.context.cache.DefaultCacheAwareContextLoaderDelegate.loadContext(DefaultCacheAwareContextLoaderDelegate.java:125) ~[spring-test-5.1.5.RELEASE.jar:5.1.5.RELEASE]
	at org.springframework.test.context.support.DefaultTestContext.getApplicationContext(DefaultTestContext.java:108) ~[spring-test-5.1.5.RELEASE.jar:5.1.5.RELEASE]
	at org.springframework.test.context.web.ServletTestExecutionListener.setUpRequestContextIfNecessary(ServletTestExecutionListener.java:190) ~[spring-test-5.1.5.RELEASE.jar:5.1.5.RELEASE]
	at org.springframework.test.context.web.ServletTestExecutionListener.prepareTestInstance(ServletTestExecutionListener.java:132) ~[spring-test-5.1.5.RELEASE.jar:5.1.5.RELEASE]
	at org.springframework.test.context.TestContextManager.prepareTestInstance(TestContextManager.java:246) ~[spring-test-5.1.5.RELEASE.jar:5.1.5.RELEASE]
	at org.springframework.test.context.junit4.SpringJUnit4ClassRunner.createTest(SpringJUnit4ClassRunner.java:227) [spring-test-5.1.5.RELEASE.jar:5.1.5.RELEASE]
	at org.springframework.test.context.junit4.SpringJUnit4ClassRunner$1.runReflectiveCall(SpringJUnit4ClassRunner.java:289) [spring-test-5.1.5.RELEASE.jar:5.1.5.RELEASE]
	at org.junit.internal.runners.model.ReflectiveCallable.run(ReflectiveCallable.java:12) [junit-4.12.jar:4.12]
	at org.springframework.test.context.junit4.SpringJUnit4ClassRunner.methodBlock(SpringJUnit4ClassRunner.java:291) [spring-test-5.1.5.RELEASE.jar:5.1.5.RELEASE]
	at org.springframework.test.context.junit4.SpringJUnit4ClassRunner.runChild(SpringJUnit4ClassRunner.java:246) [spring-test-5.1.5.RELEASE.jar:5.1.5.RELEASE]
	at org.springframework.test.context.junit4.SpringJUnit4ClassRunner.runChild(SpringJUnit4ClassRunner.java:97) [spring-test-5.1.5.RELEASE.jar:5.1.5.RELEASE]
	at org.junit.runners.ParentRunner$3.run(ParentRunner.java:290) [junit-4.12.jar:4.12]
	at org.junit.runners.ParentRunner$1.schedule(ParentRunner.java:71) [junit-4.12.jar:4.12]
	at org.junit.runners.ParentRunner.runChildren(ParentRunner.java:288) [junit-4.12.jar:4.12]
	at org.junit.runners.ParentRunner.access$000(ParentRunner.java:58) [junit-4.12.jar:4.12]
	at org.junit.runners.ParentRunner$2.evaluate(ParentRunner.java:268) [junit-4.12.jar:4.12]
	at org.springframework.test.context.junit4.statements.RunBeforeTestClassCallbacks.evaluate(RunBeforeTestClassCallbacks.java:61) [spring-test-5.1.5.RELEASE.jar:5.1.5.RELEASE]
	at org.springframework.test.context.junit4.statements.RunAfterTestClassCallbacks.evaluate(RunAfterTestClassCallbacks.java:70) [spring-test-5.1.5.RELEASE.jar:5.1.5.RELEASE]
	at org.junit.runners.ParentRunner.run(ParentRunner.java:363) [junit-4.12.jar:4.12]
	at org.springframework.test.context.junit4.SpringJUnit4ClassRunner.run(SpringJUnit4ClassRunner.java:190) [spring-test-5.1.5.RELEASE.jar:5.1.5.RELEASE]
	at org.apache.maven.surefire.junit4.JUnit4Provider.execute(JUnit4Provider.java:365) [surefire-junit4-2.22.1.jar:2.22.1]
	at org.apache.maven.surefire.junit4.JUnit4Provider.executeWithRerun(JUnit4Provider.java:273) [surefire-junit4-2.22.1.jar:2.22.1]
	at org.apache.maven.surefire.junit4.JUnit4Provider.executeTestSet(JUnit4Provider.java:238) [surefire-junit4-2.22.1.jar:2.22.1]
	at org.apache.maven.surefire.junit4.JUnit4Provider.invoke(JUnit4Provider.java:159) [surefire-junit4-2.22.1.jar:2.22.1]
	at org.apache.maven.surefire.booter.ForkedBooter.invokeProviderInSameClassLoader(ForkedBooter.java:384) [surefire-booter-2.22.1.jar:2.22.1]
	at org.apache.maven.surefire.booter.ForkedBooter.runSuitesInProcess(ForkedBooter.java:345) [surefire-booter-2.22.1.jar:2.22.1]
	at org.apache.maven.surefire.booter.ForkedBooter.execute(ForkedBooter.java:126) [surefire-booter-2.22.1.jar:2.22.1]
	at org.apache.maven.surefire.booter.ForkedBooter.main(ForkedBooter.java:418) [surefire-booter-2.22.1.jar:2.22.1]
Caused by: org.springframework.beans.factory.UnsatisfiedDependencyException: Error creating bean with name 'inMemoryDatabaseShutdownExecutor' defined in class path resource [org/springframework/boot/devtools/autoconfigure/DevToolsDataSourceAutoConfiguration.class]: Unsatisfied dependency expressed through method 'inMemoryDatabaseShutdownExecutor' parameter 0; nested exception is org.springframework.beans.factory.BeanCreationException: Error creating bean with name 'dataSource' defined in class path resource [org/springframework/boot/autoconfigure/jdbc/DataSourceConfiguration$Hikari.class]: Bean instantiation via factory method failed; nested exception is org.springframework.beans.BeanInstantiationException: Failed to instantiate [com.zaxxer.hikari.HikariDataSource]: Factory method 'dataSource' threw exception; nested exception is java.lang.IllegalArgumentException: URL must start with 'jdbc'
	at org.springframework.beans.factory.support.ConstructorResolver.createArgumentArray(ConstructorResolver.java:769) ~[spring-beans-5.1.5.RELEASE.jar:5.1.5.RELEASE]
	at org.springframework.beans.factory.support.ConstructorResolver.instantiateUsingFactoryMethod(ConstructorResolver.java:509) ~[spring-beans-5.1.5.RELEASE.jar:5.1.5.RELEASE]
	at org.springframework.beans.factory.support.AbstractAutowireCapableBeanFactory.instantiateUsingFactoryMethod(AbstractAutowireCapableBeanFactory.java:1305) ~[spring-beans-5.1.5.RELEASE.jar:5.1.5.RELEASE]
	at org.springframework.beans.factory.support.AbstractAutowireCapableBeanFactory.createBeanInstance(AbstractAutowireCapableBeanFactory.java:1144) ~[spring-beans-5.1.5.RELEASE.jar:5.1.5.RELEASE]
	at org.springframework.beans.factory.support.AbstractAutowireCapableBeanFactory.doCreateBean(AbstractAutowireCapableBeanFactory.java:555) ~[spring-beans-5.1.5.RELEASE.jar:5.1.5.RELEASE]
	at org.springframework.beans.factory.support.AbstractAutowireCapableBeanFactory.createBean(AbstractAutowireCapableBeanFactory.java:515) ~[spring-beans-5.1.5.RELEASE.jar:5.1.5.RELEASE]
	at org.springframework.beans.factory.support.AbstractBeanFactory.lambda$doGetBean$0(AbstractBeanFactory.java:320) ~[spring-beans-5.1.5.RELEASE.jar:5.1.5.RELEASE]
	at org.springframework.beans.factory.support.DefaultSingletonBeanRegistry.getSingleton(DefaultSingletonBeanRegistry.java:222) ~[spring-beans-5.1.5.RELEASE.jar:5.1.5.RELEASE]
	at org.springframework.beans.factory.support.AbstractBeanFactory.doGetBean(AbstractBeanFactory.java:318) ~[spring-beans-5.1.5.RELEASE.jar:5.1.5.RELEASE]
	at org.springframework.beans.factory.support.AbstractBeanFactory.getBean(AbstractBeanFactory.java:199) ~[spring-beans-5.1.5.RELEASE.jar:5.1.5.RELEASE]
	at org.springframework.beans.factory.support.AbstractBeanFactory.doGetBean(AbstractBeanFactory.java:307) ~[spring-beans-5.1.5.RELEASE.jar:5.1.5.RELEASE]
	at org.springframework.beans.factory.support.AbstractBeanFactory.getBean(AbstractBeanFactory.java:199) ~[spring-beans-5.1.5.RELEASE.jar:5.1.5.RELEASE]
	at org.springframework.context.support.AbstractApplicationContext.getBean(AbstractApplicationContext.java:1105) ~[spring-context-5.1.5.RELEASE.jar:5.1.5.RELEASE]
	at org.springframework.context.support.AbstractApplicationContext.finishBeanFactoryInitialization(AbstractApplicationContext.java:867) ~[spring-context-5.1.5.RELEASE.jar:5.1.5.RELEASE]
	at org.springframework.context.support.AbstractApplicationContext.refresh(AbstractApplicationContext.java:549) ~[spring-context-5.1.5.RELEASE.jar:5.1.5.RELEASE]
	at org.springframework.boot.SpringApplication.refresh(SpringApplication.java:775) ~[spring-boot-2.1.3.RELEASE.jar:2.1.3.RELEASE]
	at org.springframework.boot.SpringApplication.refreshContext(SpringApplication.java:397) ~[spring-boot-2.1.3.RELEASE.jar:2.1.3.RELEASE]
	at org.springframework.boot.SpringApplication.run(SpringApplication.java:316) ~[spring-boot-2.1.3.RELEASE.jar:2.1.3.RELEASE]
	at org.springframework.boot.test.context.SpringBootContextLoader.loadContext(SpringBootContextLoader.java:127) ~[spring-boot-test-2.1.3.RELEASE.jar:2.1.3.RELEASE]
	at org.springframework.test.context.cache.DefaultCacheAwareContextLoaderDelegate.loadContextInternal(DefaultCacheAwareContextLoaderDelegate.java:99) ~[spring-test-5.1.5.RELEASE.jar:5.1.5.RELEASE]
	at org.springframework.test.context.cache.DefaultCacheAwareContextLoaderDelegate.loadContext(DefaultCacheAwareContextLoaderDelegate.java:117) ~[spring-test-5.1.5.RELEASE.jar:5.1.5.RELEASE]
	... 27 common frames omitted
Caused by: org.springframework.beans.factory.BeanCreationException: Error creating bean with name 'dataSource' defined in class path resource [org/springframework/boot/autoconfigure/jdbc/DataSourceConfiguration$Hikari.class]: Bean instantiation via factory method failed; nested exception is org.springframework.beans.BeanInstantiationException: Failed to instantiate [com.zaxxer.hikari.HikariDataSource]: Factory method 'dataSource' threw exception; nested exception is java.lang.IllegalArgumentException: URL must start with 'jdbc'
	at org.springframework.beans.factory.support.ConstructorResolver.instantiate(ConstructorResolver.java:627) ~[spring-beans-5.1.5.RELEASE.jar:5.1.5.RELEASE]
	at org.springframework.beans.factory.support.ConstructorResolver.instantiateUsingFactoryMethod(ConstructorResolver.java:607) ~[spring-beans-5.1.5.RELEASE.jar:5.1.5.RELEASE]
	at org.springframework.beans.factory.support.AbstractAutowireCapableBeanFactory.instantiateUsingFactoryMethod(AbstractAutowireCapableBeanFactory.java:1305) ~[spring-beans-5.1.5.RELEASE.jar:5.1.5.RELEASE]
	at org.springframework.beans.factory.support.AbstractAutowireCapableBeanFactory.createBeanInstance(AbstractAutowireCapableBeanFactory.java:1144) ~[spring-beans-5.1.5.RELEASE.jar:5.1.5.RELEASE]
	at org.springframework.beans.factory.support.AbstractAutowireCapableBeanFactory.doCreateBean(AbstractAutowireCapableBeanFactory.java:555) ~[spring-beans-5.1.5.RELEASE.jar:5.1.5.RELEASE]
	at org.springframework.beans.factory.support.AbstractAutowireCapableBeanFactory.createBean(AbstractAutowireCapableBeanFactory.java:515) ~[spring-beans-5.1.5.RELEASE.jar:5.1.5.RELEASE]
	at org.springframework.beans.factory.support.AbstractBeanFactory.lambda$doGetBean$0(AbstractBeanFactory.java:320) ~[spring-beans-5.1.5.RELEASE.jar:5.1.5.RELEASE]
	at org.springframework.beans.factory.support.DefaultSingletonBeanRegistry.getSingleton(DefaultSingletonBeanRegistry.java:222) ~[spring-beans-5.1.5.RELEASE.jar:5.1.5.RELEASE]
	at org.springframework.beans.factory.support.AbstractBeanFactory.doGetBean(AbstractBeanFactory.java:318) ~[spring-beans-5.1.5.RELEASE.jar:5.1.5.RELEASE]
	at org.springframework.beans.factory.support.AbstractBeanFactory.getBean(AbstractBeanFactory.java:199) ~[spring-beans-5.1.5.RELEASE.jar:5.1.5.RELEASE]
	at org.springframework.beans.factory.config.DependencyDescriptor.resolveCandidate(DependencyDescriptor.java:277) ~[spring-beans-5.1.5.RELEASE.jar:5.1.5.RELEASE]
	at org.springframework.beans.factory.support.DefaultListableBeanFactory.doResolveDependency(DefaultListableBeanFactory.java:1247) ~[spring-beans-5.1.5.RELEASE.jar:5.1.5.RELEASE]
	at org.springframework.beans.factory.support.DefaultListableBeanFactory.resolveDependency(DefaultListableBeanFactory.java:1167) ~[spring-beans-5.1.5.RELEASE.jar:5.1.5.RELEASE]
	at org.springframework.beans.factory.support.ConstructorResolver.resolveAutowiredArgument(ConstructorResolver.java:857) ~[spring-beans-5.1.5.RELEASE.jar:5.1.5.RELEASE]
	at org.springframework.beans.factory.support.ConstructorResolver.createArgumentArray(ConstructorResolver.java:760) ~[spring-beans-5.1.5.RELEASE.jar:5.1.5.RELEASE]
	... 47 common frames omitted
Caused by: org.springframework.beans.BeanInstantiationException: Failed to instantiate [com.zaxxer.hikari.HikariDataSource]: Factory method 'dataSource' threw exception; nested exception is java.lang.IllegalArgumentException: URL must start with 'jdbc'
	at org.springframework.beans.factory.support.SimpleInstantiationStrategy.instantiate(SimpleInstantiationStrategy.java:185) ~[spring-beans-5.1.5.RELEASE.jar:5.1.5.RELEASE]
	at org.springframework.beans.factory.support.ConstructorResolver.instantiate(ConstructorResolver.java:622) ~[spring-beans-5.1.5.RELEASE.jar:5.1.5.RELEASE]
	... 61 common frames omitted
Caused by: java.lang.IllegalArgumentException: URL must start with 'jdbc'
	at org.springframework.util.Assert.isTrue(Assert.java:118) ~[spring-core-5.1.5.RELEASE.jar:5.1.5.RELEASE]
	at org.springframework.boot.jdbc.DatabaseDriver.fromJdbcUrl(DatabaseDriver.java:280) ~[spring-boot-2.1.3.RELEASE.jar:2.1.3.RELEASE]
	at org.springframework.boot.autoconfigure.jdbc.DataSourceProperties.determineDriverClassName(DataSourceProperties.java:230) ~[spring-boot-autoconfigure-2.1.3.RELEASE.jar:2.1.3.RELEASE]
	at org.springframework.boot.autoconfigure.jdbc.DataSourceProperties.initializeDataSourceBuilder(DataSourceProperties.java:176) ~[spring-boot-autoconfigure-2.1.3.RELEASE.jar:2.1.3.RELEASE]
	at org.springframework.boot.autoconfigure.jdbc.DataSourceConfiguration.createDataSource(DataSourceConfiguration.java:43) ~[spring-boot-autoconfigure-2.1.3.RELEASE.jar:2.1.3.RELEASE]
	at org.springframework.boot.autoconfigure.jdbc.DataSourceConfiguration$Hikari.dataSource(DataSourceConfiguration.java:83) ~[spring-boot-autoconfigure-2.1.3.RELEASE.jar:2.1.3.RELEASE]
	at sun.reflect.NativeMethodAccessorImpl.invoke0(Native Method) ~[na:1.8.0_181]
	at sun.reflect.NativeMethodAccessorImpl.invoke(NativeMethodAccessorImpl.java:62) ~[na:1.8.0_181]
	at sun.reflect.DelegatingMethodAccessorImpl.invoke(DelegatingMethodAccessorImpl.java:43) ~[na:1.8.0_181]
	at java.lang.reflect.Method.invoke(Method.java:498) ~[na:1.8.0_181]
	at org.springframework.beans.factory.support.SimpleInstantiationStrategy.instantiate(SimpleInstantiationStrategy.java:154) ~[spring-beans-5.1.5.RELEASE.jar:5.1.5.RELEASE]
	... 62 common frames omitted

]]></system-out>
  </testcase>
</testsuite>